{"/home/shilat/.openclaw/workspace/codetube/backend/src/app.ts": {"path":"/home/shilat/.openclaw/workspace/codetube/backend/src/app.ts","statementMap":{"0":{"start":{"line":1,"column":0},"end":{"line":1,"column":66}},"1":{"start":{"line":2,"column":0},"end":{"line":2,"column":24}},"2":{"start":{"line":3,"column":0},"end":{"line":3,"column":28}},"3":{"start":{"line":4,"column":0},"end":{"line":4,"column":28}},"4":{"start":{"line":5,"column":0},"end":{"line":5,"column":28}},"5":{"start":{"line":7,"column":0},"end":{"line":7,"column":16}},"6":{"start":{"line":9,"column":0},"end":{"line":9,"column":55}},"7":{"start":{"line":12,"column":0},"end":{"line":12,"column":39}},"8":{"start":{"line":13,"column":0},"end":{"line":13,"column":48}},"9":{"start":{"line":14,"column":0},"end":{"line":14,"column":50}},"10":{"start":{"line":15,"column":0},"end":{"line":15,"column":47}},"11":{"start":{"line":16,"column":0},"end":{"line":16,"column":58}},"12":{"start":{"line":17,"column":0},"end":{"line":17,"column":47}},"13":{"start":{"line":19,"column":25},"end":{"line":19,"column":34}},"14":{"start":{"line":22,"column":0},"end":{"line":22,"column":18}},"15":{"start":{"line":23,"column":0},"end":{"line":23,"column":16}},"16":{"start":{"line":24,"column":0},"end":{"line":24,"column":23}},"17":{"start":{"line":25,"column":0},"end":{"line":25,"column":41}},"18":{"start":{"line":26,"column":0},"end":{"line":26,"column":48}},"19":{"start":{"line":29,"column":0},"end":{"line":31,"column":3}},"20":{"start":{"line":30,"column":2},"end":{"line":30,"column":66}},"21":{"start":{"line":34,"column":0},"end":{"line":34,"column":33}},"22":{"start":{"line":35,"column":0},"end":{"line":35,"column":48}},"23":{"start":{"line":36,"column":0},"end":{"line":36,"column":42}},"24":{"start":{"line":37,"column":0},"end":{"line":37,"column":39}},"25":{"start":{"line":38,"column":0},"end":{"line":38,"column":42}},"26":{"start":{"line":39,"column":0},"end":{"line":39,"column":44}},"27":{"start":{"line":40,"column":0},"end":{"line":40,"column":38}},"28":{"start":{"line":41,"column":0},"end":{"line":41,"column":44}},"29":{"start":{"line":42,"column":0},"end":{"line":42,"column":35}},"30":{"start":{"line":45,"column":0},"end":{"line":50,"column":3}},"31":{"start":{"line":46,"column":2},"end":{"line":49,"column":5}},"32":{"start":{"line":53,"column":0},"end":{"line":53,"column":22}},"33":{"start":{"line":55,"column":0},"end":{"line":55,"column":19}}},"fnMap":{"0":{"name":"(anonymous_10)","decl":{"start":{"line":29,"column":19},"end":{"line":29,"column":20}},"loc":{"start":{"line":29,"column":52},"end":{"line":31,"column":1}}},"1":{"name":"(anonymous_11)","decl":{"start":{"line":45,"column":8},"end":{"line":45,"column":9}},"loc":{"start":{"line":45,"column":41},"end":{"line":50,"column":1}}}},"branchMap":{},"s":{"0":2,"1":2,"2":2,"3":2,"4":2,"5":2,"6":2,"7":2,"8":2,"9":2,"10":2,"11":2,"12":2,"13":2,"14":2,"15":2,"16":2,"17":2,"18":2,"19":2,"20":0,"21":2,"22":2,"23":2,"24":2,"25":2,"26":2,"27":2,"28":2,"29":2,"30":2,"31":1,"32":2,"33":2},"f":{"0":0,"1":1},"b":{}}
,"/home/shilat/.openclaw/workspace/codetube/backend/src/middleware/auth.ts": {"path":"/home/shilat/.openclaw/workspace/codetube/backend/src/middleware/auth.ts","statementMap":{"0":{"start":{"line":1,"column":0},"end":{"line":1,"column":56}},"1":{"start":{"line":3,"column":0},"end":{"line":3,"column":45}},"2":{"start":{"line":10,"column":30},"end":{"line":15,"column":1}},"3":{"start":{"line":11,"column":22},"end":{"line":11,"column":133}},"4":{"start":{"line":12,"column":23},"end":{"line":12,"column":148}},"5":{"start":{"line":14,"column":2},"end":{"line":14,"column":39}},"6":{"start":{"line":10,"column":13},"end":{"line":10,"column":30}},"7":{"start":{"line":17,"column":33},"end":{"line":19,"column":1}},"8":{"start":{"line":18,"column":2},"end":{"line":18,"column":72}},"9":{"start":{"line":17,"column":13},"end":{"line":17,"column":33}},"10":{"start":{"line":21,"column":34},"end":{"line":23,"column":1}},"11":{"start":{"line":22,"column":2},"end":{"line":22,"column":79}},"12":{"start":{"line":21,"column":13},"end":{"line":21,"column":34}},"13":{"start":{"line":25,"column":30},"end":{"line":47,"column":1}},"14":{"start":{"line":26,"column":2},"end":{"line":46,"column":3}},"15":{"start":{"line":27,"column":23},"end":{"line":27,"column":48}},"16":{"start":{"line":29,"column":4},"end":{"line":35,"column":5}},"17":{"start":{"line":30,"column":6},"end":{"line":33,"column":9}},"18":{"start":{"line":34,"column":6},"end":{"line":34,"column":13}},"19":{"start":{"line":37,"column":18},"end":{"line":37,"column":41}},"20":{"start":{"line":38,"column":20},"end":{"line":38,"column":44}},"21":{"start":{"line":39,"column":4},"end":{"line":39,"column":23}},"22":{"start":{"line":40,"column":4},"end":{"line":40,"column":11}},"23":{"start":{"line":42,"column":4},"end":{"line":45,"column":7}},"24":{"start":{"line":25,"column":13},"end":{"line":25,"column":30}},"25":{"start":{"line":49,"column":38},"end":{"line":63,"column":1}},"26":{"start":{"line":50,"column":2},"end":{"line":62,"column":3}},"27":{"start":{"line":51,"column":23},"end":{"line":51,"column":48}},"28":{"start":{"line":53,"column":4},"end":{"line":57,"column":5}},"29":{"start":{"line":54,"column":20},"end":{"line":54,"column":43}},"30":{"start":{"line":55,"column":22},"end":{"line":55,"column":46}},"31":{"start":{"line":56,"column":6},"end":{"line":56,"column":25}},"32":{"start":{"line":58,"column":4},"end":{"line":58,"column":11}},"33":{"start":{"line":61,"column":4},"end":{"line":61,"column":11}},"34":{"start":{"line":49,"column":13},"end":{"line":49,"column":38}}},"fnMap":{"0":{"name":"(anonymous_1)","decl":{"start":{"line":10,"column":30},"end":{"line":10,"column":31}},"loc":{"start":{"line":10,"column":103},"end":{"line":15,"column":1}}},"1":{"name":"(anonymous_2)","decl":{"start":{"line":17,"column":33},"end":{"line":17,"column":34}},"loc":{"start":{"line":17,"column":65},"end":{"line":19,"column":1}}},"2":{"name":"(anonymous_3)","decl":{"start":{"line":21,"column":34},"end":{"line":21,"column":35}},"loc":{"start":{"line":21,"column":66},"end":{"line":23,"column":1}}},"3":{"name":"(anonymous_4)","decl":{"start":{"line":25,"column":30},"end":{"line":25,"column":31}},"loc":{"start":{"line":25,"column":92},"end":{"line":47,"column":1}}},"4":{"name":"(anonymous_5)","decl":{"start":{"line":49,"column":38},"end":{"line":49,"column":39}},"loc":{"start":{"line":49,"column":100},"end":{"line":63,"column":1}}}},"branchMap":{"0":{"loc":{"start":{"line":29,"column":4},"end":{"line":35,"column":5}},"type":"if","locations":[{"start":{"line":29,"column":4},"end":{"line":35,"column":5}},{"start":{},"end":{}}]},"1":{"loc":{"start":{"line":29,"column":8},"end":{"line":29,"column":56}},"type":"binary-expr","locations":[{"start":{"line":29,"column":8},"end":{"line":29,"column":19}},{"start":{"line":29,"column":23},"end":{"line":29,"column":56}}]},"2":{"loc":{"start":{"line":53,"column":4},"end":{"line":57,"column":5}},"type":"if","locations":[{"start":{"line":53,"column":4},"end":{"line":57,"column":5}},{"start":{},"end":{}}]},"3":{"loc":{"start":{"line":53,"column":8},"end":{"line":53,"column":54}},"type":"binary-expr","locations":[{"start":{"line":53,"column":8},"end":{"line":53,"column":18}},{"start":{"line":53,"column":22},"end":{"line":53,"column":54}}]}},"s":{"0":2,"1":2,"2":2,"3":4,"4":4,"5":4,"6":2,"7":2,"8":36,"9":2,"10":2,"11":0,"12":2,"13":2,"14":38,"15":38,"16":38,"17":2,"18":2,"19":36,"20":36,"21":34,"22":34,"23":2,"24":2,"25":2,"26":2,"27":2,"28":2,"29":0,"30":0,"31":0,"32":2,"33":0,"34":2},"f":{"0":4,"1":36,"2":0,"3":38,"4":2},"b":{"0":[2,36],"1":[38,38],"2":[0,2],"3":[2,0]}}
,"/home/shilat/.openclaw/workspace/codetube/backend/src/middleware/validation.ts": {"path":"/home/shilat/.openclaw/workspace/codetube/backend/src/middleware/validation.ts","statementMap":{"0":{"start":{"line":2,"column":0},"end":{"line":2,"column":52}},"1":{"start":{"line":4,"column":31},"end":{"line":36,"column":1}},"2":{"start":{"line":5,"column":2},"end":{"line":35,"column":4}},"3":{"start":{"line":6,"column":4},"end":{"line":34,"column":5}},"4":{"start":{"line":7,"column":6},"end":{"line":9,"column":7}},"5":{"start":{"line":8,"column":8},"end":{"line":8,"column":47}},"6":{"start":{"line":10,"column":6},"end":{"line":12,"column":7}},"7":{"start":{"line":11,"column":8},"end":{"line":11,"column":81}},"8":{"start":{"line":13,"column":6},"end":{"line":16,"column":7}},"9":{"start":{"line":14,"column":29},"end":{"line":14,"column":60}},"10":{"start":{"line":15,"column":8},"end":{"line":15,"column":55}},"11":{"start":{"line":17,"column":6},"end":{"line":17,"column":13}},"12":{"start":{"line":19,"column":6},"end":{"line":32,"column":7}},"13":{"start":{"line":20,"column":8},"end":{"line":30,"column":11}},"14":{"start":{"line":25,"column":56},"end":{"line":28,"column":14}},"15":{"start":{"line":31,"column":8},"end":{"line":31,"column":15}},"16":{"start":{"line":33,"column":6},"end":{"line":33,"column":18}},"17":{"start":{"line":4,"column":13},"end":{"line":4,"column":31}},"18":{"start":{"line":38,"column":28},"end":{"line":64,"column":1}},"19":{"start":{"line":40,"column":2},"end":{"line":53,"column":3}},"20":{"start":{"line":41,"column":4},"end":{"line":51,"column":7}},"21":{"start":{"line":46,"column":50},"end":{"line":49,"column":10}},"22":{"start":{"line":52,"column":4},"end":{"line":52,"column":11}},"23":{"start":{"line":55,"column":2},"end":{"line":55,"column":31}},"24":{"start":{"line":57,"column":2},"end":{"line":63,"column":5}},"25":{"start":{"line":38,"column":13},"end":{"line":38,"column":28}}},"fnMap":{"0":{"name":"(anonymous_0)","decl":{"start":{"line":4,"column":31},"end":{"line":4,"column":32}},"loc":{"start":{"line":4,"column":103},"end":{"line":36,"column":1}}},"1":{"name":"(anonymous_1)","decl":{"start":{"line":5,"column":9},"end":{"line":5,"column":10}},"loc":{"start":{"line":5,"column":67},"end":{"line":35,"column":3}}},"2":{"name":"(anonymous_2)","decl":{"start":{"line":25,"column":38},"end":{"line":25,"column":39}},"loc":{"start":{"line":25,"column":56},"end":{"line":28,"column":14}}},"3":{"name":"(anonymous_3)","decl":{"start":{"line":38,"column":28},"end":{"line":38,"column":29}},"loc":{"start":{"line":38,"column":100},"end":{"line":64,"column":1}}},"4":{"name":"(anonymous_4)","decl":{"start":{"line":46,"column":32},"end":{"line":46,"column":33}},"loc":{"start":{"line":46,"column":50},"end":{"line":49,"column":10}}}},"branchMap":{"0":{"loc":{"start":{"line":7,"column":6},"end":{"line":9,"column":7}},"type":"if","locations":[{"start":{"line":7,"column":6},"end":{"line":9,"column":7}},{"start":{},"end":{}}]},"1":{"loc":{"start":{"line":10,"column":6},"end":{"line":12,"column":7}},"type":"if","locations":[{"start":{"line":10,"column":6},"end":{"line":12,"column":7}},{"start":{},"end":{}}]},"2":{"loc":{"start":{"line":13,"column":6},"end":{"line":16,"column":7}},"type":"if","locations":[{"start":{"line":13,"column":6},"end":{"line":16,"column":7}},{"start":{},"end":{}}]},"3":{"loc":{"start":{"line":19,"column":6},"end":{"line":32,"column":7}},"type":"if","locations":[{"start":{"line":19,"column":6},"end":{"line":32,"column":7}},{"start":{},"end":{}}]},"4":{"loc":{"start":{"line":40,"column":2},"end":{"line":53,"column":3}},"type":"if","locations":[{"start":{"line":40,"column":2},"end":{"line":53,"column":3}},{"start":{},"end":{}}]},"5":{"loc":{"start":{"line":61,"column":15},"end":{"line":61,"column":92}},"type":"cond-expr","locations":[{"start":{"line":61,"column":55},"end":{"line":61,"column":78}},{"start":{"line":61,"column":81},"end":{"line":61,"column":92}}]}},"s":{"0":2,"1":2,"2":4,"3":13,"4":13,"5":13,"6":4,"7":0,"8":4,"9":0,"10":0,"11":4,"12":9,"13":9,"14":9,"15":9,"16":0,"17":2,"18":2,"19":8,"20":8,"21":8,"22":8,"23":0,"24":0,"25":2},"f":{"0":4,"1":13,"2":9,"3":8,"4":8},"b":{"0":[13,0],"1":[0,4],"2":[0,4],"3":[9,0],"4":[8,0],"5":[0,0]}}
,"/home/shilat/.openclaw/workspace/codetube/backend/src/models/prisma.ts": {"path":"/home/shilat/.openclaw/workspace/codetube/backend/src/models/prisma.ts","statementMap":{"0":{"start":{"line":1,"column":0},"end":{"line":1,"column":46}},"1":{"start":{"line":3,"column":15},"end":{"line":5,"column":2}},"2":{"start":{"line":7,"column":0},"end":{"line":7,"column":22}}},"fnMap":{},"branchMap":{"0":{"loc":{"start":{"line":4,"column":7},"end":{"line":4,"column":86}},"type":"cond-expr","locations":[{"start":{"line":4,"column":48},"end":{"line":4,"column":74}},{"start":{"line":4,"column":77},"end":{"line":4,"column":86}}]}},"s":{"0":3,"1":3,"2":3},"f":{},"b":{"0":[0,3]}}
,"/home/shilat/.openclaw/workspace/codetube/backend/src/routes/auth.ts": {"path":"/home/shilat/.openclaw/workspace/codetube/backend/src/routes/auth.ts","statementMap":{"0":{"start":{"line":1,"column":0},"end":{"line":1,"column":33}},"1":{"start":{"line":2,"column":0},"end":{"line":2,"column":24}},"2":{"start":{"line":3,"column":0},"end":{"line":3,"column":59}},"3":{"start":{"line":4,"column":0},"end":{"line":4,"column":65}},"4":{"start":{"line":5,"column":0},"end":{"line":5,"column":55}},"5":{"start":{"line":7,"column":15},"end":{"line":7,"column":23}},"6":{"start":{"line":10,"column":23},"end":{"line":15,"column":2}},"7":{"start":{"line":17,"column":20},"end":{"line":20,"column":2}},"8":{"start":{"line":23,"column":0},"end":{"line":44,"column":2}},"9":{"start":{"line":27,"column":4},"end":{"line":42,"column":5}},"10":{"start":{"line":28,"column":21},"end":{"line":28,"column":61}},"11":{"start":{"line":29,"column":6},"end":{"line":32,"column":9}},"12":{"start":{"line":34,"column":6},"end":{"line":40,"column":7}},"13":{"start":{"line":35,"column":8},"end":{"line":38,"column":11}},"14":{"start":{"line":39,"column":8},"end":{"line":39,"column":15}},"15":{"start":{"line":41,"column":6},"end":{"line":41,"column":18}},"16":{"start":{"line":47,"column":0},"end":{"line":68,"column":2}},"17":{"start":{"line":51,"column":4},"end":{"line":66,"column":5}},"18":{"start":{"line":52,"column":21},"end":{"line":52,"column":58}},"19":{"start":{"line":53,"column":6},"end":{"line":56,"column":9}},"20":{"start":{"line":58,"column":6},"end":{"line":64,"column":7}},"21":{"start":{"line":59,"column":8},"end":{"line":62,"column":11}},"22":{"start":{"line":63,"column":8},"end":{"line":63,"column":15}},"23":{"start":{"line":65,"column":6},"end":{"line":65,"column":18}},"24":{"start":{"line":71,"column":0},"end":{"line":80,"column":2}},"25":{"start":{"line":75,"column":4},"end":{"line":78,"column":7}},"26":{"start":{"line":82,"column":0},"end":{"line":82,"column":22}}},"fnMap":{"0":{"name":"(anonymous_9)","decl":{"start":{"line":26,"column":2},"end":{"line":26,"column":7}},"loc":{"start":{"line":26,"column":27},"end":{"line":43,"column":3}}},"1":{"name":"(anonymous_10)","decl":{"start":{"line":50,"column":2},"end":{"line":50,"column":7}},"loc":{"start":{"line":50,"column":27},"end":{"line":67,"column":3}}},"2":{"name":"(anonymous_11)","decl":{"start":{"line":74,"column":2},"end":{"line":74,"column":7}},"loc":{"start":{"line":74,"column":34},"end":{"line":79,"column":3}}}},"branchMap":{"0":{"loc":{"start":{"line":34,"column":6},"end":{"line":40,"column":7}},"type":"if","locations":[{"start":{"line":34,"column":6},"end":{"line":40,"column":7}},{"start":{},"end":{}}]},"1":{"loc":{"start":{"line":58,"column":6},"end":{"line":64,"column":7}},"type":"if","locations":[{"start":{"line":58,"column":6},"end":{"line":64,"column":7}},{"start":{},"end":{}}]}},"s":{"0":2,"1":2,"2":2,"3":2,"4":2,"5":2,"6":2,"7":2,"8":2,"9":4,"10":4,"11":4,"12":0,"13":0,"14":0,"15":0,"16":2,"17":0,"18":0,"19":0,"20":0,"21":0,"22":0,"23":0,"24":2,"25":20,"26":2},"f":{"0":4,"1":0,"2":20},"b":{"0":[0,0],"1":[0,0]}}
,"/home/shilat/.openclaw/workspace/codetube/backend/src/routes/forks.ts": {"path":"/home/shilat/.openclaw/workspace/codetube/backend/src/routes/forks.ts","statementMap":{"0":{"start":{"line":1,"column":0},"end":{"line":1,"column":33}},"1":{"start":{"line":2,"column":0},"end":{"line":2,"column":24}},"2":{"start":{"line":3,"column":0},"end":{"line":3,"column":65}},"3":{"start":{"line":4,"column":0},"end":{"line":4,"column":55}},"4":{"start":{"line":6,"column":15},"end":{"line":6,"column":44}},"5":{"start":{"line":9,"column":25},"end":{"line":13,"column":2}},"6":{"start":{"line":15,"column":25},"end":{"line":19,"column":2}},"7":{"start":{"line":22,"column":0},"end":{"line":59,"column":3}},"8":{"start":{"line":23,"column":2},"end":{"line":58,"column":3}},"9":{"start":{"line":24,"column":22},"end":{"line":24,"column":54}},"10":{"start":{"line":25,"column":19},"end":{"line":28,"column":null}},"11":{"start":{"line":30,"column":4},"end":{"line":33,"column":7}},"12":{"start":{"line":35,"column":4},"end":{"line":48,"column":5}},"13":{"start":{"line":36,"column":6},"end":{"line":46,"column":9}},"14":{"start":{"line":41,"column":44},"end":{"line":44,"column":12}},"15":{"start":{"line":47,"column":6},"end":{"line":47,"column":13}},"16":{"start":{"line":49,"column":4},"end":{"line":56,"column":5}},"17":{"start":{"line":50,"column":25},"end":{"line":50,"column":72}},"18":{"start":{"line":51,"column":6},"end":{"line":54,"column":9}},"19":{"start":{"line":55,"column":6},"end":{"line":55,"column":13}},"20":{"start":{"line":57,"column":4},"end":{"line":57,"column":16}},"21":{"start":{"line":61,"column":0},"end":{"line":61,"column":22}},"22":{"start":{"line":64,"column":13},"end":{"line":64,"column":36}},"23":{"start":{"line":66,"column":0},"end":{"line":76,"column":3}},"24":{"start":{"line":67,"column":2},"end":{"line":75,"column":3}},"25":{"start":{"line":68,"column":18},"end":{"line":68,"column":66}},"26":{"start":{"line":69,"column":4},"end":{"line":72,"column":7}},"27":{"start":{"line":74,"column":4},"end":{"line":74,"column":16}},"28":{"start":{"line":79,"column":0},"end":{"line":103,"column":3}},"29":{"start":{"line":80,"column":2},"end":{"line":102,"column":3}},"30":{"start":{"line":81,"column":19},"end":{"line":81,"column":91}},"31":{"start":{"line":82,"column":4},"end":{"line":88,"column":5}},"32":{"start":{"line":83,"column":6},"end":{"line":86,"column":9}},"33":{"start":{"line":87,"column":6},"end":{"line":87,"column":13}},"34":{"start":{"line":89,"column":4},"end":{"line":92,"column":7}},"35":{"start":{"line":94,"column":4},"end":{"line":100,"column":5}},"36":{"start":{"line":95,"column":6},"end":{"line":98,"column":9}},"37":{"start":{"line":99,"column":6},"end":{"line":99,"column":13}},"38":{"start":{"line":101,"column":4},"end":{"line":101,"column":16}},"39":{"start":{"line":106,"column":0},"end":{"line":143,"column":3}},"40":{"start":{"line":107,"column":2},"end":{"line":142,"column":3}},"41":{"start":{"line":108,"column":22},"end":{"line":108,"column":54}},"42":{"start":{"line":109,"column":17},"end":{"line":112,"column":null}},"43":{"start":{"line":114,"column":4},"end":{"line":117,"column":7}},"44":{"start":{"line":119,"column":4},"end":{"line":132,"column":5}},"45":{"start":{"line":120,"column":6},"end":{"line":130,"column":9}},"46":{"start":{"line":125,"column":44},"end":{"line":128,"column":12}},"47":{"start":{"line":131,"column":6},"end":{"line":131,"column":13}},"48":{"start":{"line":133,"column":4},"end":{"line":140,"column":5}},"49":{"start":{"line":134,"column":25},"end":{"line":134,"column":72}},"50":{"start":{"line":135,"column":6},"end":{"line":138,"column":9}},"51":{"start":{"line":139,"column":6},"end":{"line":139,"column":13}},"52":{"start":{"line":141,"column":4},"end":{"line":141,"column":16}},"53":{"start":{"line":146,"column":0},"end":{"line":161,"column":3}},"54":{"start":{"line":147,"column":2},"end":{"line":160,"column":3}},"55":{"start":{"line":148,"column":4},"end":{"line":148,"column":76}},"56":{"start":{"line":149,"column":4},"end":{"line":149,"column":27}},"57":{"start":{"line":151,"column":4},"end":{"line":158,"column":5}},"58":{"start":{"line":152,"column":25},"end":{"line":152,"column":72}},"59":{"start":{"line":153,"column":6},"end":{"line":156,"column":9}},"60":{"start":{"line":157,"column":6},"end":{"line":157,"column":13}},"61":{"start":{"line":159,"column":4},"end":{"line":159,"column":16}},"62":{"start":{"line":164,"column":0},"end":{"line":181,"column":3}},"63":{"start":{"line":165,"column":2},"end":{"line":180,"column":3}},"64":{"start":{"line":166,"column":19},"end":{"line":166,"column":74}},"65":{"start":{"line":167,"column":4},"end":{"line":170,"column":7}},"66":{"start":{"line":172,"column":4},"end":{"line":178,"column":5}},"67":{"start":{"line":173,"column":6},"end":{"line":176,"column":9}},"68":{"start":{"line":177,"column":6},"end":{"line":177,"column":13}},"69":{"start":{"line":179,"column":4},"end":{"line":179,"column":16}}},"fnMap":{"0":{"name":"(anonymous_9)","decl":{"start":{"line":22,"column":42},"end":{"line":22,"column":47}},"loc":{"start":{"line":22,"column":80},"end":{"line":59,"column":1}}},"1":{"name":"(anonymous_10)","decl":{"start":{"line":41,"column":36},"end":{"line":41,"column":37}},"loc":{"start":{"line":41,"column":44},"end":{"line":44,"column":12}}},"2":{"name":"(anonymous_11)","decl":{"start":{"line":66,"column":37},"end":{"line":66,"column":42}},"loc":{"start":{"line":66,"column":75},"end":{"line":76,"column":1}}},"3":{"name":"(anonymous_12)","decl":{"start":{"line":79,"column":40},"end":{"line":79,"column":45}},"loc":{"start":{"line":79,"column":78},"end":{"line":103,"column":1}}},"4":{"name":"(anonymous_13)","decl":{"start":{"line":106,"column":42},"end":{"line":106,"column":47}},"loc":{"start":{"line":106,"column":80},"end":{"line":143,"column":1}}},"5":{"name":"(anonymous_14)","decl":{"start":{"line":125,"column":36},"end":{"line":125,"column":37}},"loc":{"start":{"line":125,"column":44},"end":{"line":128,"column":12}}},"6":{"name":"(anonymous_15)","decl":{"start":{"line":146,"column":43},"end":{"line":146,"column":48}},"loc":{"start":{"line":146,"column":81},"end":{"line":161,"column":1}}},"7":{"name":"(anonymous_16)","decl":{"start":{"line":164,"column":33},"end":{"line":164,"column":38}},"loc":{"start":{"line":164,"column":58},"end":{"line":181,"column":1}}}},"branchMap":{"0":{"loc":{"start":{"line":35,"column":4},"end":{"line":48,"column":5}},"type":"if","locations":[{"start":{"line":35,"column":4},"end":{"line":48,"column":5}},{"start":{},"end":{}}]},"1":{"loc":{"start":{"line":49,"column":4},"end":{"line":56,"column":5}},"type":"if","locations":[{"start":{"line":49,"column":4},"end":{"line":56,"column":5}},{"start":{},"end":{}}]},"2":{"loc":{"start":{"line":50,"column":25},"end":{"line":50,"column":72}},"type":"cond-expr","locations":[{"start":{"line":50,"column":63},"end":{"line":50,"column":66}},{"start":{"line":50,"column":69},"end":{"line":50,"column":72}}]},"3":{"loc":{"start":{"line":82,"column":4},"end":{"line":88,"column":5}},"type":"if","locations":[{"start":{"line":82,"column":4},"end":{"line":88,"column":5}},{"start":{},"end":{}}]},"4":{"loc":{"start":{"line":94,"column":4},"end":{"line":100,"column":5}},"type":"if","locations":[{"start":{"line":94,"column":4},"end":{"line":100,"column":5}},{"start":{},"end":{}}]},"5":{"loc":{"start":{"line":95,"column":17},"end":{"line":95,"column":61}},"type":"cond-expr","locations":[{"start":{"line":95,"column":52},"end":{"line":95,"column":55}},{"start":{"line":95,"column":58},"end":{"line":95,"column":61}}]},"6":{"loc":{"start":{"line":119,"column":4},"end":{"line":132,"column":5}},"type":"if","locations":[{"start":{"line":119,"column":4},"end":{"line":132,"column":5}},{"start":{},"end":{}}]},"7":{"loc":{"start":{"line":133,"column":4},"end":{"line":140,"column":5}},"type":"if","locations":[{"start":{"line":133,"column":4},"end":{"line":140,"column":5}},{"start":{},"end":{}}]},"8":{"loc":{"start":{"line":134,"column":25},"end":{"line":134,"column":72}},"type":"cond-expr","locations":[{"start":{"line":134,"column":63},"end":{"line":134,"column":66}},{"start":{"line":134,"column":69},"end":{"line":134,"column":72}}]},"9":{"loc":{"start":{"line":151,"column":4},"end":{"line":158,"column":5}},"type":"if","locations":[{"start":{"line":151,"column":4},"end":{"line":158,"column":5}},{"start":{},"end":{}}]},"10":{"loc":{"start":{"line":152,"column":25},"end":{"line":152,"column":72}},"type":"cond-expr","locations":[{"start":{"line":152,"column":63},"end":{"line":152,"column":66}},{"start":{"line":152,"column":69},"end":{"line":152,"column":72}}]},"11":{"loc":{"start":{"line":172,"column":4},"end":{"line":178,"column":5}},"type":"if","locations":[{"start":{"line":172,"column":4},"end":{"line":178,"column":5}},{"start":{},"end":{}}]}},"s":{"0":2,"1":2,"2":2,"3":2,"4":2,"5":2,"6":2,"7":2,"8":1,"9":1,"10":0,"11":0,"12":1,"13":1,"14":1,"15":1,"16":0,"17":0,"18":0,"19":0,"20":0,"21":2,"22":2,"23":2,"24":0,"25":0,"26":0,"27":0,"28":2,"29":0,"30":0,"31":0,"32":0,"33":0,"34":0,"35":0,"36":0,"37":0,"38":0,"39":2,"40":0,"41":0,"42":0,"43":0,"44":0,"45":0,"46":0,"47":0,"48":0,"49":0,"50":0,"51":0,"52":0,"53":2,"54":0,"55":0,"56":0,"57":0,"58":0,"59":0,"60":0,"61":0,"62":2,"63":0,"64":0,"65":0,"66":0,"67":0,"68":0,"69":0},"f":{"0":1,"1":1,"2":0,"3":0,"4":0,"5":0,"6":0,"7":0},"b":{"0":[1,0],"1":[0,0],"2":[0,0],"3":[0,0],"4":[0,0],"5":[0,0],"6":[0,0],"7":[0,0],"8":[0,0],"9":[0,0],"10":[0,0],"11":[0,0]}}
,"/home/shilat/.openclaw/workspace/codetube/backend/src/routes/generate.ts": {"path":"/home/shilat/.openclaw/workspace/codetube/backend/src/routes/generate.ts","statementMap":{"0":{"start":{"line":17,"column":0},"end":{"line":17,"column":66}},"1":{"start":{"line":18,"column":0},"end":{"line":18,"column":24}},"2":{"start":{"line":19,"column":0},"end":{"line":19,"column":null}},"3":{"start":{"line":26,"column":0},"end":{"line":26,"column":null}},"4":{"start":{"line":44,"column":15},"end":{"line":44,"column":23}},"5":{"start":{"line":48,"column":35},"end":{"line":48,"column":85}},"6":{"start":{"line":49,"column":39},"end":{"line":57,"column":2}},"7":{"start":{"line":59,"column":29},"end":{"line":65,"column":2}},"8":{"start":{"line":67,"column":23},"end":{"line":74,"column":2}},"9":{"start":{"line":76,"column":23},"end":{"line":81,"column":2}},"10":{"start":{"line":86,"column":2},"end":{"line":99,"column":4}},"11":{"start":{"line":108,"column":0},"end":{"line":139,"column":3}},"12":{"start":{"line":109,"column":2},"end":{"line":138,"column":3}},"13":{"start":{"line":110,"column":17},"end":{"line":110,"column":53}},"14":{"start":{"line":112,"column":16},"end":{"line":112,"column":78}},"15":{"start":{"line":113,"column":26},"end":{"line":113,"column":65}},"16":{"start":{"line":115,"column":45},"end":{"line":125,"column":6}},"17":{"start":{"line":120,"column":51},"end":{"line":124,"column":8}},"18":{"start":{"line":127,"column":4},"end":{"line":135,"column":7}},"19":{"start":{"line":137,"column":4},"end":{"line":137,"column":14}},"20":{"start":{"line":145,"column":0},"end":{"line":152,"column":3}},"21":{"start":{"line":146,"column":15},"end":{"line":146,"column":27}},"22":{"start":{"line":147,"column":2},"end":{"line":151,"column":5}},"23":{"start":{"line":158,"column":0},"end":{"line":188,"column":3}},"24":{"start":{"line":159,"column":14},"end":{"line":159,"column":46}},"25":{"start":{"line":161,"column":2},"end":{"line":166,"column":3}},"26":{"start":{"line":162,"column":4},"end":{"line":165,"column":7}},"27":{"start":{"line":168,"column":25},"end":{"line":168,"column":84}},"28":{"start":{"line":170,"column":2},"end":{"line":187,"column":5}},"29":{"start":{"line":175,"column":42},"end":{"line":184,"column":10}},"30":{"start":{"line":194,"column":0},"end":{"line":227,"column":3}},"31":{"start":{"line":195,"column":14},"end":{"line":195,"column":59}},"32":{"start":{"line":197,"column":2},"end":{"line":202,"column":3}},"33":{"start":{"line":198,"column":4},"end":{"line":201,"column":7}},"34":{"start":{"line":204,"column":2},"end":{"line":213,"column":3}},"35":{"start":{"line":205,"column":4},"end":{"line":212,"column":7}},"36":{"start":{"line":215,"column":2},"end":{"line":226,"column":5}},"37":{"start":{"line":233,"column":0},"end":{"line":256,"column":3}},"38":{"start":{"line":234,"column":14},"end":{"line":234,"column":59}},"39":{"start":{"line":235,"column":22},"end":{"line":235,"column":66}},"40":{"start":{"line":237,"column":2},"end":{"line":242,"column":3}},"41":{"start":{"line":238,"column":4},"end":{"line":241,"column":7}},"42":{"start":{"line":244,"column":17},"end":{"line":244,"column":72}},"43":{"start":{"line":244,"column":42},"end":{"line":244,"column":71}},"44":{"start":{"line":245,"column":2},"end":{"line":250,"column":3}},"45":{"start":{"line":246,"column":4},"end":{"line":249,"column":7}},"46":{"start":{"line":252,"column":2},"end":{"line":255,"column":5}},"47":{"start":{"line":264,"column":0},"end":{"line":284,"column":3}},"48":{"start":{"line":265,"column":2},"end":{"line":283,"column":3}},"49":{"start":{"line":266,"column":17},"end":{"line":266,"column":47}},"50":{"start":{"line":267,"column":19},"end":{"line":271,"column":null}},"51":{"start":{"line":274,"column":4},"end":{"line":280,"column":7}},"52":{"start":{"line":282,"column":4},"end":{"line":282,"column":14}},"53":{"start":{"line":292,"column":0},"end":{"line":295,"column":3}},"54":{"start":{"line":293,"column":18},"end":{"line":293,"column":55}},"55":{"start":{"line":294,"column":2},"end":{"line":294,"column":45}},"56":{"start":{"line":301,"column":0},"end":{"line":304,"column":3}},"57":{"start":{"line":302,"column":20},"end":{"line":302,"column":66}},"58":{"start":{"line":303,"column":2},"end":{"line":303,"column":47}},"59":{"start":{"line":310,"column":0},"end":{"line":343,"column":3}},"60":{"start":{"line":311,"column":2},"end":{"line":342,"column":3}},"61":{"start":{"line":312,"column":17},"end":{"line":312,"column":47}},"62":{"start":{"line":313,"column":74},"end":{"line":313,"column":78}},"63":{"start":{"line":316,"column":26},"end":{"line":325,"column":6}},"64":{"start":{"line":327,"column":27},"end":{"line":332,"column":null}},"65":{"start":{"line":335,"column":4},"end":{"line":339,"column":7}},"66":{"start":{"line":341,"column":4},"end":{"line":341,"column":14}},"67":{"start":{"line":349,"column":0},"end":{"line":359,"column":3}},"68":{"start":{"line":350,"column":22},"end":{"line":350,"column":30}},"69":{"start":{"line":351,"column":2},"end":{"line":356,"column":3}},"70":{"start":{"line":352,"column":4},"end":{"line":355,"column":7}},"71":{"start":{"line":357,"column":18},"end":{"line":357,"column":68}},"72":{"start":{"line":358,"column":2},"end":{"line":358,"column":45}},"73":{"start":{"line":365,"column":0},"end":{"line":375,"column":3}},"74":{"start":{"line":366,"column":22},"end":{"line":366,"column":30}},"75":{"start":{"line":367,"column":2},"end":{"line":372,"column":3}},"76":{"start":{"line":368,"column":4},"end":{"line":371,"column":7}},"77":{"start":{"line":373,"column":18},"end":{"line":373,"column":73}},"78":{"start":{"line":374,"column":2},"end":{"line":374,"column":45}},"79":{"start":{"line":381,"column":0},"end":{"line":414,"column":3}},"80":{"start":{"line":382,"column":2},"end":{"line":413,"column":3}},"81":{"start":{"line":383,"column":33},"end":{"line":383,"column":41}},"82":{"start":{"line":384,"column":4},"end":{"line":389,"column":5}},"83":{"start":{"line":385,"column":6},"end":{"line":388,"column":9}},"84":{"start":{"line":391,"column":16},"end":{"line":391,"column":42}},"85":{"start":{"line":392,"column":4},"end":{"line":397,"column":5}},"86":{"start":{"line":393,"column":6},"end":{"line":396,"column":9}},"87":{"start":{"line":399,"column":51},"end":{"line":399,"column":96}},"88":{"start":{"line":400,"column":28},"end":{"line":400,"column":71}},"89":{"start":{"line":402,"column":4},"end":{"line":410,"column":7}},"90":{"start":{"line":412,"column":4},"end":{"line":412,"column":14}},"91":{"start":{"line":420,"column":0},"end":{"line":430,"column":3}},"92":{"start":{"line":421,"column":41},"end":{"line":421,"column":81}},"93":{"start":{"line":422,"column":2},"end":{"line":429,"column":5}},"94":{"start":{"line":424,"column":37},"end":{"line":428,"column":6}},"95":{"start":{"line":436,"column":0},"end":{"line":450,"column":3}},"96":{"start":{"line":437,"column":2},"end":{"line":449,"column":5}},"97":{"start":{"line":439,"column":35},"end":{"line":448,"column":6}},"98":{"start":{"line":452,"column":0},"end":{"line":452,"column":22}}},"fnMap":{"0":{"name":"jobToStatusResponse","decl":{"start":{"line":85,"column":9},"end":{"line":85,"column":28}},"loc":{"start":{"line":85,"column":72},"end":{"line":100,"column":1}}},"1":{"name":"(anonymous_1)","decl":{"start":{"line":108,"column":17},"end":{"line":108,"column":22}},"loc":{"start":{"line":108,"column":75},"end":{"line":139,"column":1}}},"2":{"name":"(anonymous_2)","decl":{"start":{"line":120,"column":43},"end":{"line":120,"column":44}},"loc":{"start":{"line":120,"column":51},"end":{"line":124,"column":8}}},"3":{"name":"(anonymous_3)","decl":{"start":{"line":145,"column":20},"end":{"line":145,"column":21}},"loc":{"start":{"line":145,"column":53},"end":{"line":152,"column":1}}},"4":{"name":"(anonymous_4)","decl":{"start":{"line":158,"column":27},"end":{"line":158,"column":28}},"loc":{"start":{"line":158,"column":59},"end":{"line":188,"column":1}}},"5":{"name":"(anonymous_5)","decl":{"start":{"line":175,"column":34},"end":{"line":175,"column":35}},"loc":{"start":{"line":175,"column":42},"end":{"line":184,"column":10}}},"6":{"name":"(anonymous_6)","decl":{"start":{"line":194,"column":33},"end":{"line":194,"column":34}},"loc":{"start":{"line":194,"column":65},"end":{"line":227,"column":1}}},"7":{"name":"(anonymous_7)","decl":{"start":{"line":233,"column":54},"end":{"line":233,"column":55}},"loc":{"start":{"line":233,"column":86},"end":{"line":256,"column":1}}},"8":{"name":"(anonymous_8)","decl":{"start":{"line":244,"column":35},"end":{"line":244,"column":36}},"loc":{"start":{"line":244,"column":42},"end":{"line":244,"column":71}}},"9":{"name":"(anonymous_9)","decl":{"start":{"line":264,"column":25},"end":{"line":264,"column":30}},"loc":{"start":{"line":264,"column":83},"end":{"line":284,"column":1}}},"10":{"name":"(anonymous_10)","decl":{"start":{"line":292,"column":31},"end":{"line":292,"column":32}},"loc":{"start":{"line":292,"column":63},"end":{"line":295,"column":1}}},"11":{"name":"(anonymous_11)","decl":{"start":{"line":301,"column":41},"end":{"line":301,"column":42}},"loc":{"start":{"line":301,"column":73},"end":{"line":304,"column":1}}},"12":{"name":"(anonymous_12)","decl":{"start":{"line":310,"column":41},"end":{"line":310,"column":46}},"loc":{"start":{"line":310,"column":99},"end":{"line":343,"column":1}}},"13":{"name":"(anonymous_13)","decl":{"start":{"line":349,"column":41},"end":{"line":349,"column":42}},"loc":{"start":{"line":349,"column":73},"end":{"line":359,"column":1}}},"14":{"name":"(anonymous_14)","decl":{"start":{"line":365,"column":41},"end":{"line":365,"column":42}},"loc":{"start":{"line":365,"column":73},"end":{"line":375,"column":1}}},"15":{"name":"(anonymous_15)","decl":{"start":{"line":381,"column":22},"end":{"line":381,"column":27}},"loc":{"start":{"line":381,"column":80},"end":{"line":414,"column":1}}},"16":{"name":"(anonymous_16)","decl":{"start":{"line":420,"column":22},"end":{"line":420,"column":23}},"loc":{"start":{"line":420,"column":55},"end":{"line":430,"column":1}}},"17":{"name":"(anonymous_17)","decl":{"start":{"line":424,"column":29},"end":{"line":424,"column":30}},"loc":{"start":{"line":424,"column":37},"end":{"line":428,"column":6}}},"18":{"name":"(anonymous_18)","decl":{"start":{"line":436,"column":22},"end":{"line":436,"column":23}},"loc":{"start":{"line":436,"column":55},"end":{"line":450,"column":1}}},"19":{"name":"(anonymous_19)","decl":{"start":{"line":439,"column":27},"end":{"line":439,"column":28}},"loc":{"start":{"line":439,"column":35},"end":{"line":448,"column":6}}}},"branchMap":{"0":{"loc":{"start":{"line":120,"column":15},"end":{"line":124,"column":15}},"type":"binary-expr","locations":[{"start":{"line":120,"column":15},"end":{"line":124,"column":9}},{"start":{"line":124,"column":13},"end":{"line":124,"column":15}}]},"1":{"loc":{"start":{"line":161,"column":2},"end":{"line":166,"column":3}},"type":"if","locations":[{"start":{"line":161,"column":2},"end":{"line":166,"column":3}},{"start":{},"end":{}}]},"2":{"loc":{"start":{"line":168,"column":25},"end":{"line":168,"column":84}},"type":"binary-expr","locations":[{"start":{"line":168,"column":25},"end":{"line":168,"column":51}},{"start":{"line":168,"column":55},"end":{"line":168,"column":84}}]},"3":{"loc":{"start":{"line":174,"column":10},"end":{"line":185,"column":8}},"type":"binary-expr","locations":[{"start":{"line":174,"column":10},"end":{"line":174,"column":24}},{"start":{"line":174,"column":28},"end":{"line":185,"column":8}}]},"4":{"loc":{"start":{"line":197,"column":2},"end":{"line":202,"column":3}},"type":"if","locations":[{"start":{"line":197,"column":2},"end":{"line":202,"column":3}},{"start":{},"end":{}}]},"5":{"loc":{"start":{"line":204,"column":2},"end":{"line":213,"column":3}},"type":"if","locations":[{"start":{"line":204,"column":2},"end":{"line":213,"column":3}},{"start":{},"end":{}}]},"6":{"loc":{"start":{"line":237,"column":2},"end":{"line":242,"column":3}},"type":"if","locations":[{"start":{"line":237,"column":2},"end":{"line":242,"column":3}},{"start":{},"end":{}}]},"7":{"loc":{"start":{"line":237,"column":6},"end":{"line":237,"column":40}},"type":"binary-expr","locations":[{"start":{"line":237,"column":6},"end":{"line":237,"column":10}},{"start":{"line":237,"column":14},"end":{"line":237,"column":40}}]},"8":{"loc":{"start":{"line":245,"column":2},"end":{"line":250,"column":3}},"type":"if","locations":[{"start":{"line":245,"column":2},"end":{"line":250,"column":3}},{"start":{},"end":{}}]},"9":{"loc":{"start":{"line":351,"column":2},"end":{"line":356,"column":3}},"type":"if","locations":[{"start":{"line":351,"column":2},"end":{"line":356,"column":3}},{"start":{},"end":{}}]},"10":{"loc":{"start":{"line":367,"column":2},"end":{"line":372,"column":3}},"type":"if","locations":[{"start":{"line":367,"column":2},"end":{"line":372,"column":3}},{"start":{},"end":{}}]},"11":{"loc":{"start":{"line":384,"column":4},"end":{"line":389,"column":5}},"type":"if","locations":[{"start":{"line":384,"column":4},"end":{"line":389,"column":5}},{"start":{},"end":{}}]},"12":{"loc":{"start":{"line":384,"column":8},"end":{"line":384,"column":28}},"type":"binary-expr","locations":[{"start":{"line":384,"column":8},"end":{"line":384,"column":17}},{"start":{"line":384,"column":21},"end":{"line":384,"column":28}}]},"13":{"loc":{"start":{"line":392,"column":4},"end":{"line":397,"column":5}},"type":"if","locations":[{"start":{"line":392,"column":4},"end":{"line":397,"column":5}},{"start":{},"end":{}}]}},"s":{"0":2,"1":2,"2":2,"3":2,"4":2,"5":2,"6":2,"7":2,"8":2,"9":2,"10":1,"11":2,"12":15,"13":15,"14":9,"15":9,"16":9,"17":0,"18":9,"19":6,"20":2,"21":0,"22":0,"23":2,"24":3,"25":3,"26":2,"27":1,"28":1,"29":0,"30":2,"31":0,"32":0,"33":0,"34":0,"35":0,"36":0,"37":2,"38":0,"39":0,"40":0,"41":0,"42":0,"43":0,"44":0,"45":0,"46":0,"47":2,"48":1,"49":1,"50":0,"51":0,"52":1,"53":2,"54":1,"55":1,"56":2,"57":1,"58":1,"59":2,"60":2,"61":2,"62":1,"63":1,"64":1,"65":1,"66":1,"67":2,"68":2,"69":2,"70":0,"71":2,"72":2,"73":2,"74":1,"75":1,"76":0,"77":1,"78":1,"79":2,"80":1,"81":1,"82":1,"83":1,"84":0,"85":0,"86":0,"87":0,"88":0,"89":0,"90":0,"91":2,"92":1,"93":1,"94":7,"95":2,"96":1,"97":4,"98":2},"f":{"0":1,"1":15,"2":0,"3":0,"4":3,"5":0,"6":0,"7":0,"8":0,"9":1,"10":1,"11":1,"12":2,"13":2,"14":1,"15":1,"16":1,"17":7,"18":1,"19":4},"b":{"0":[9,9],"1":[2,1],"2":[1,0],"3":[1,0],"4":[0,0],"5":[0,0],"6":[0,0],"7":[0,0],"8":[0,0],"9":[0,2],"10":[0,1],"11":[1,0],"12":[1,1],"13":[0,0]}}
,"/home/shilat/.openclaw/workspace/codetube/backend/src/routes/progress.ts": {"path":"/home/shilat/.openclaw/workspace/codetube/backend/src/routes/progress.ts","statementMap":{"0":{"start":{"line":1,"column":0},"end":{"line":1,"column":33}},"1":{"start":{"line":2,"column":0},"end":{"line":2,"column":24}},"2":{"start":{"line":3,"column":0},"end":{"line":3,"column":65}},"3":{"start":{"line":4,"column":0},"end":{"line":4,"column":63}},"4":{"start":{"line":6,"column":15},"end":{"line":6,"column":44}},"5":{"start":{"line":9,"column":29},"end":{"line":15,"column":2}},"6":{"start":{"line":18,"column":0},"end":{"line":55,"column":3}},"7":{"start":{"line":19,"column":2},"end":{"line":54,"column":3}},"8":{"start":{"line":20,"column":22},"end":{"line":20,"column":58}},"9":{"start":{"line":21,"column":21},"end":{"line":24,"column":null}},"10":{"start":{"line":26,"column":4},"end":{"line":29,"column":7}},"11":{"start":{"line":31,"column":4},"end":{"line":44,"column":5}},"12":{"start":{"line":32,"column":6},"end":{"line":42,"column":9}},"13":{"start":{"line":37,"column":44},"end":{"line":40,"column":12}},"14":{"start":{"line":43,"column":6},"end":{"line":43,"column":13}},"15":{"start":{"line":45,"column":4},"end":{"line":52,"column":5}},"16":{"start":{"line":46,"column":25},"end":{"line":46,"column":72}},"17":{"start":{"line":47,"column":6},"end":{"line":50,"column":9}},"18":{"start":{"line":51,"column":6},"end":{"line":51,"column":13}},"19":{"start":{"line":53,"column":4},"end":{"line":53,"column":16}},"20":{"start":{"line":58,"column":0},"end":{"line":82,"column":3}},"21":{"start":{"line":59,"column":2},"end":{"line":81,"column":3}},"22":{"start":{"line":60,"column":21},"end":{"line":62,"column":null}},"23":{"start":{"line":64,"column":4},"end":{"line":70,"column":7}},"24":{"start":{"line":72,"column":4},"end":{"line":79,"column":5}},"25":{"start":{"line":73,"column":25},"end":{"line":73,"column":72}},"26":{"start":{"line":74,"column":6},"end":{"line":77,"column":9}},"27":{"start":{"line":78,"column":6},"end":{"line":78,"column":13}},"28":{"start":{"line":80,"column":4},"end":{"line":80,"column":16}},"29":{"start":{"line":85,"column":0},"end":{"line":95,"column":3}},"30":{"start":{"line":86,"column":2},"end":{"line":94,"column":3}},"31":{"start":{"line":87,"column":21},"end":{"line":87,"column":76}},"32":{"start":{"line":88,"column":4},"end":{"line":91,"column":7}},"33":{"start":{"line":93,"column":4},"end":{"line":93,"column":16}},"34":{"start":{"line":97,"column":0},"end":{"line":97,"column":22}}},"fnMap":{"0":{"name":"(anonymous_9)","decl":{"start":{"line":18,"column":44},"end":{"line":18,"column":49}},"loc":{"start":{"line":18,"column":82},"end":{"line":55,"column":1}}},"1":{"name":"(anonymous_10)","decl":{"start":{"line":37,"column":36},"end":{"line":37,"column":37}},"loc":{"start":{"line":37,"column":44},"end":{"line":40,"column":12}}},"2":{"name":"(anonymous_11)","decl":{"start":{"line":58,"column":54},"end":{"line":58,"column":59}},"loc":{"start":{"line":58,"column":92},"end":{"line":82,"column":1}}},"3":{"name":"(anonymous_12)","decl":{"start":{"line":85,"column":32},"end":{"line":85,"column":37}},"loc":{"start":{"line":85,"column":70},"end":{"line":95,"column":1}}}},"branchMap":{"0":{"loc":{"start":{"line":31,"column":4},"end":{"line":44,"column":5}},"type":"if","locations":[{"start":{"line":31,"column":4},"end":{"line":44,"column":5}},{"start":{},"end":{}}]},"1":{"loc":{"start":{"line":45,"column":4},"end":{"line":52,"column":5}},"type":"if","locations":[{"start":{"line":45,"column":4},"end":{"line":52,"column":5}},{"start":{},"end":{}}]},"2":{"loc":{"start":{"line":46,"column":25},"end":{"line":46,"column":72}},"type":"cond-expr","locations":[{"start":{"line":46,"column":63},"end":{"line":46,"column":66}},{"start":{"line":46,"column":69},"end":{"line":46,"column":72}}]},"3":{"loc":{"start":{"line":72,"column":4},"end":{"line":79,"column":5}},"type":"if","locations":[{"start":{"line":72,"column":4},"end":{"line":79,"column":5}},{"start":{},"end":{}}]},"4":{"loc":{"start":{"line":73,"column":25},"end":{"line":73,"column":72}},"type":"cond-expr","locations":[{"start":{"line":73,"column":63},"end":{"line":73,"column":66}},{"start":{"line":73,"column":69},"end":{"line":73,"column":72}}]}},"s":{"0":2,"1":2,"2":2,"3":2,"4":2,"5":2,"6":2,"7":1,"8":1,"9":0,"10":0,"11":1,"12":1,"13":1,"14":1,"15":0,"16":0,"17":0,"18":0,"19":0,"20":2,"21":0,"22":0,"23":0,"24":0,"25":0,"26":0,"27":0,"28":0,"29":2,"30":0,"31":0,"32":0,"33":0,"34":2},"f":{"0":1,"1":1,"2":0,"3":0},"b":{"0":[1,0],"1":[0,0],"2":[0,0],"3":[0,0],"4":[0,0]}}
,"/home/shilat/.openclaw/workspace/codetube/backend/src/routes/recordings.ts": {"path":"/home/shilat/.openclaw/workspace/codetube/backend/src/routes/recordings.ts","statementMap":{"0":{"start":{"line":1,"column":0},"end":{"line":1,"column":33}},"1":{"start":{"line":2,"column":0},"end":{"line":2,"column":24}},"2":{"start":{"line":3,"column":0},"end":{"line":3,"column":65}},"3":{"start":{"line":4,"column":0},"end":{"line":4,"column":65}},"4":{"start":{"line":6,"column":15},"end":{"line":6,"column":44}},"5":{"start":{"line":9,"column":30},"end":{"line":22,"column":2}},"6":{"start":{"line":24,"column":31},"end":{"line":30,"column":2}},"7":{"start":{"line":33,"column":0},"end":{"line":66,"column":3}},"8":{"start":{"line":34,"column":2},"end":{"line":65,"column":3}},"9":{"start":{"line":35,"column":22},"end":{"line":35,"column":59}},"10":{"start":{"line":36,"column":19},"end":{"line":36,"column":86}},"11":{"start":{"line":37,"column":4},"end":{"line":40,"column":7}},"12":{"start":{"line":42,"column":4},"end":{"line":55,"column":5}},"13":{"start":{"line":43,"column":6},"end":{"line":53,"column":9}},"14":{"start":{"line":48,"column":44},"end":{"line":51,"column":12}},"15":{"start":{"line":54,"column":6},"end":{"line":54,"column":13}},"16":{"start":{"line":56,"column":4},"end":{"line":63,"column":5}},"17":{"start":{"line":57,"column":25},"end":{"line":57,"column":72}},"18":{"start":{"line":58,"column":6},"end":{"line":61,"column":9}},"19":{"start":{"line":62,"column":6},"end":{"line":62,"column":13}},"20":{"start":{"line":64,"column":4},"end":{"line":64,"column":16}},"21":{"start":{"line":69,"column":0},"end":{"line":86,"column":3}},"22":{"start":{"line":69,"column":39},"end":{"line":69,"column":84}},"23":{"start":{"line":70,"column":2},"end":{"line":85,"column":3}},"24":{"start":{"line":71,"column":19},"end":{"line":71,"column":83}},"25":{"start":{"line":72,"column":4},"end":{"line":78,"column":5}},"26":{"start":{"line":73,"column":6},"end":{"line":76,"column":9}},"27":{"start":{"line":77,"column":6},"end":{"line":77,"column":13}},"28":{"start":{"line":79,"column":4},"end":{"line":82,"column":7}},"29":{"start":{"line":84,"column":4},"end":{"line":84,"column":16}},"30":{"start":{"line":89,"column":0},"end":{"line":110,"column":3}},"31":{"start":{"line":90,"column":2},"end":{"line":109,"column":3}},"32":{"start":{"line":91,"column":19},"end":{"line":91,"column":83}},"33":{"start":{"line":93,"column":4},"end":{"line":93,"column":54}},"34":{"start":{"line":94,"column":4},"end":{"line":94,"column":49}},"35":{"start":{"line":95,"column":4},"end":{"line":95,"column":62}},"36":{"start":{"line":96,"column":4},"end":{"line":96,"column":59}},"37":{"start":{"line":98,"column":4},"end":{"line":98,"column":26}},"38":{"start":{"line":100,"column":4},"end":{"line":107,"column":5}},"39":{"start":{"line":101,"column":25},"end":{"line":101,"column":72}},"40":{"start":{"line":102,"column":6},"end":{"line":105,"column":9}},"41":{"start":{"line":106,"column":6},"end":{"line":106,"column":13}},"42":{"start":{"line":108,"column":4},"end":{"line":108,"column":16}},"43":{"start":{"line":113,"column":0},"end":{"line":134,"column":3}},"44":{"start":{"line":113,"column":48},"end":{"line":113,"column":93}},"45":{"start":{"line":114,"column":2},"end":{"line":133,"column":3}},"46":{"start":{"line":115,"column":19},"end":{"line":117,"column":null}},"47":{"start":{"line":119,"column":4},"end":{"line":122,"column":7}},"48":{"start":{"line":124,"column":4},"end":{"line":131,"column":5}},"49":{"start":{"line":125,"column":25},"end":{"line":125,"column":72}},"50":{"start":{"line":126,"column":6},"end":{"line":129,"column":9}},"51":{"start":{"line":130,"column":6},"end":{"line":130,"column":13}},"52":{"start":{"line":132,"column":4},"end":{"line":132,"column":16}},"53":{"start":{"line":137,"column":0},"end":{"line":147,"column":3}},"54":{"start":{"line":138,"column":2},"end":{"line":146,"column":3}},"55":{"start":{"line":139,"column":24},"end":{"line":139,"column":95}},"56":{"start":{"line":140,"column":4},"end":{"line":143,"column":7}},"57":{"start":{"line":145,"column":4},"end":{"line":145,"column":16}},"58":{"start":{"line":150,"column":0},"end":{"line":187,"column":3}},"59":{"start":{"line":150,"column":52},"end":{"line":150,"column":97}},"60":{"start":{"line":151,"column":2},"end":{"line":186,"column":3}},"61":{"start":{"line":152,"column":22},"end":{"line":152,"column":60}},"62":{"start":{"line":153,"column":23},"end":{"line":156,"column":null}},"63":{"start":{"line":158,"column":4},"end":{"line":161,"column":7}},"64":{"start":{"line":163,"column":4},"end":{"line":176,"column":5}},"65":{"start":{"line":164,"column":6},"end":{"line":174,"column":9}},"66":{"start":{"line":169,"column":44},"end":{"line":172,"column":12}},"67":{"start":{"line":175,"column":6},"end":{"line":175,"column":13}},"68":{"start":{"line":177,"column":4},"end":{"line":184,"column":5}},"69":{"start":{"line":178,"column":25},"end":{"line":178,"column":72}},"70":{"start":{"line":179,"column":6},"end":{"line":182,"column":9}},"71":{"start":{"line":183,"column":6},"end":{"line":183,"column":13}},"72":{"start":{"line":185,"column":4},"end":{"line":185,"column":16}},"73":{"start":{"line":189,"column":0},"end":{"line":189,"column":22}}},"fnMap":{"0":{"name":"(anonymous_9)","decl":{"start":{"line":33,"column":33},"end":{"line":33,"column":38}},"loc":{"start":{"line":33,"column":71},"end":{"line":66,"column":1}}},"1":{"name":"(anonymous_10)","decl":{"start":{"line":48,"column":36},"end":{"line":48,"column":37}},"loc":{"start":{"line":48,"column":44},"end":{"line":51,"column":12}}},"2":{"name":"(anonymous_11)","decl":{"start":{"line":69,"column":19},"end":{"line":69,"column":20}},"loc":{"start":{"line":69,"column":39},"end":{"line":69,"column":84}}},"3":{"name":"(anonymous_12)","decl":{"start":{"line":69,"column":86},"end":{"line":69,"column":91}},"loc":{"start":{"line":69,"column":111},"end":{"line":86,"column":1}}},"4":{"name":"(anonymous_13)","decl":{"start":{"line":89,"column":26},"end":{"line":89,"column":31}},"loc":{"start":{"line":89,"column":51},"end":{"line":110,"column":1}}},"5":{"name":"(anonymous_14)","decl":{"start":{"line":113,"column":28},"end":{"line":113,"column":29}},"loc":{"start":{"line":113,"column":48},"end":{"line":113,"column":93}}},"6":{"name":"(anonymous_15)","decl":{"start":{"line":113,"column":95},"end":{"line":113,"column":100}},"loc":{"start":{"line":113,"column":133},"end":{"line":134,"column":1}}},"7":{"name":"(anonymous_16)","decl":{"start":{"line":137,"column":31},"end":{"line":137,"column":36}},"loc":{"start":{"line":137,"column":56},"end":{"line":147,"column":1}}},"8":{"name":"(anonymous_17)","decl":{"start":{"line":150,"column":32},"end":{"line":150,"column":33}},"loc":{"start":{"line":150,"column":52},"end":{"line":150,"column":97}}},"9":{"name":"(anonymous_18)","decl":{"start":{"line":150,"column":99},"end":{"line":150,"column":104}},"loc":{"start":{"line":150,"column":137},"end":{"line":187,"column":1}}},"10":{"name":"(anonymous_19)","decl":{"start":{"line":169,"column":36},"end":{"line":169,"column":37}},"loc":{"start":{"line":169,"column":44},"end":{"line":172,"column":12}}}},"branchMap":{"0":{"loc":{"start":{"line":42,"column":4},"end":{"line":55,"column":5}},"type":"if","locations":[{"start":{"line":42,"column":4},"end":{"line":55,"column":5}},{"start":{},"end":{}}]},"1":{"loc":{"start":{"line":56,"column":4},"end":{"line":63,"column":5}},"type":"if","locations":[{"start":{"line":56,"column":4},"end":{"line":63,"column":5}},{"start":{},"end":{}}]},"2":{"loc":{"start":{"line":57,"column":25},"end":{"line":57,"column":72}},"type":"cond-expr","locations":[{"start":{"line":57,"column":63},"end":{"line":57,"column":66}},{"start":{"line":57,"column":69},"end":{"line":57,"column":72}}]},"3":{"loc":{"start":{"line":72,"column":4},"end":{"line":78,"column":5}},"type":"if","locations":[{"start":{"line":72,"column":4},"end":{"line":78,"column":5}},{"start":{},"end":{}}]},"4":{"loc":{"start":{"line":100,"column":4},"end":{"line":107,"column":5}},"type":"if","locations":[{"start":{"line":100,"column":4},"end":{"line":107,"column":5}},{"start":{},"end":{}}]},"5":{"loc":{"start":{"line":101,"column":25},"end":{"line":101,"column":72}},"type":"cond-expr","locations":[{"start":{"line":101,"column":63},"end":{"line":101,"column":66}},{"start":{"line":101,"column":69},"end":{"line":101,"column":72}}]},"6":{"loc":{"start":{"line":124,"column":4},"end":{"line":131,"column":5}},"type":"if","locations":[{"start":{"line":124,"column":4},"end":{"line":131,"column":5}},{"start":{},"end":{}}]},"7":{"loc":{"start":{"line":125,"column":25},"end":{"line":125,"column":72}},"type":"cond-expr","locations":[{"start":{"line":125,"column":63},"end":{"line":125,"column":66}},{"start":{"line":125,"column":69},"end":{"line":125,"column":72}}]},"8":{"loc":{"start":{"line":163,"column":4},"end":{"line":176,"column":5}},"type":"if","locations":[{"start":{"line":163,"column":4},"end":{"line":176,"column":5}},{"start":{},"end":{}}]},"9":{"loc":{"start":{"line":177,"column":4},"end":{"line":184,"column":5}},"type":"if","locations":[{"start":{"line":177,"column":4},"end":{"line":184,"column":5}},{"start":{},"end":{}}]},"10":{"loc":{"start":{"line":178,"column":25},"end":{"line":178,"column":72}},"type":"cond-expr","locations":[{"start":{"line":178,"column":63},"end":{"line":178,"column":66}},{"start":{"line":178,"column":69},"end":{"line":178,"column":72}}]}},"s":{"0":2,"1":2,"2":2,"3":2,"4":2,"5":2,"6":2,"7":2,"8":1,"9":1,"10":1,"11":0,"12":1,"13":0,"14":0,"15":0,"16":1,"17":1,"18":1,"19":1,"20":0,"21":2,"22":0,"23":0,"24":0,"25":0,"26":0,"27":0,"28":0,"29":0,"30":2,"31":0,"32":0,"33":0,"34":0,"35":0,"36":0,"37":0,"38":0,"39":0,"40":0,"41":0,"42":0,"43":2,"44":0,"45":0,"46":0,"47":0,"48":0,"49":0,"50":0,"51":0,"52":0,"53":2,"54":0,"55":0,"56":0,"57":0,"58":2,"59":0,"60":0,"61":0,"62":0,"63":0,"64":0,"65":0,"66":0,"67":0,"68":0,"69":0,"70":0,"71":0,"72":0,"73":2},"f":{"0":1,"1":0,"2":0,"3":0,"4":0,"5":0,"6":0,"7":0,"8":0,"9":0,"10":0},"b":{"0":[0,1],"1":[1,0],"2":[1,0],"3":[0,0],"4":[0,0],"5":[0,0],"6":[0,0],"7":[0,0],"8":[0,0],"9":[0,0],"10":[0,0]}}
,"/home/shilat/.openclaw/workspace/codetube/backend/src/routes/tutorials.ts": {"path":"/home/shilat/.openclaw/workspace/codetube/backend/src/routes/tutorials.ts","statementMap":{"0":{"start":{"line":1,"column":0},"end":{"line":1,"column":33}},"1":{"start":{"line":2,"column":0},"end":{"line":2,"column":24}},"2":{"start":{"line":3,"column":0},"end":{"line":3,"column":89}},"3":{"start":{"line":4,"column":0},"end":{"line":4,"column":63}},"4":{"start":{"line":6,"column":15},"end":{"line":6,"column":23}},"5":{"start":{"line":9,"column":29},"end":{"line":17,"column":2}},"6":{"start":{"line":19,"column":29},"end":{"line":28,"column":2}},"7":{"start":{"line":30,"column":33},"end":{"line":38,"column":2}},"8":{"start":{"line":41,"column":0},"end":{"line":75,"column":3}},"9":{"start":{"line":42,"column":2},"end":{"line":74,"column":3}},"10":{"start":{"line":43,"column":22},"end":{"line":43,"column":63}},"11":{"start":{"line":44,"column":19},"end":{"line":52,"column":6}},"12":{"start":{"line":53,"column":4},"end":{"line":57,"column":7}},"13":{"start":{"line":59,"column":4},"end":{"line":72,"column":5}},"14":{"start":{"line":60,"column":6},"end":{"line":70,"column":9}},"15":{"start":{"line":65,"column":44},"end":{"line":68,"column":12}},"16":{"start":{"line":71,"column":6},"end":{"line":71,"column":13}},"17":{"start":{"line":73,"column":4},"end":{"line":73,"column":16}},"18":{"start":{"line":78,"column":0},"end":{"line":110,"column":3}},"19":{"start":{"line":79,"column":2},"end":{"line":109,"column":3}},"20":{"start":{"line":80,"column":22},"end":{"line":80,"column":58}},"21":{"start":{"line":81,"column":21},"end":{"line":81,"column":86}},"22":{"start":{"line":82,"column":4},"end":{"line":85,"column":7}},"23":{"start":{"line":87,"column":4},"end":{"line":100,"column":5}},"24":{"start":{"line":88,"column":6},"end":{"line":98,"column":9}},"25":{"start":{"line":93,"column":44},"end":{"line":96,"column":12}},"26":{"start":{"line":99,"column":6},"end":{"line":99,"column":13}},"27":{"start":{"line":101,"column":4},"end":{"line":107,"column":5}},"28":{"start":{"line":102,"column":6},"end":{"line":105,"column":9}},"29":{"start":{"line":106,"column":6},"end":{"line":106,"column":13}},"30":{"start":{"line":108,"column":4},"end":{"line":108,"column":16}},"31":{"start":{"line":113,"column":0},"end":{"line":130,"column":3}},"32":{"start":{"line":114,"column":2},"end":{"line":129,"column":3}},"33":{"start":{"line":115,"column":21},"end":{"line":115,"column":101}},"34":{"start":{"line":116,"column":4},"end":{"line":122,"column":5}},"35":{"start":{"line":117,"column":6},"end":{"line":120,"column":9}},"36":{"start":{"line":121,"column":6},"end":{"line":121,"column":13}},"37":{"start":{"line":123,"column":4},"end":{"line":126,"column":7}},"38":{"start":{"line":128,"column":4},"end":{"line":128,"column":16}},"39":{"start":{"line":133,"column":0},"end":{"line":170,"column":3}},"40":{"start":{"line":134,"column":2},"end":{"line":169,"column":3}},"41":{"start":{"line":135,"column":22},"end":{"line":135,"column":58}},"42":{"start":{"line":136,"column":21},"end":{"line":139,"column":null}},"43":{"start":{"line":141,"column":4},"end":{"line":144,"column":7}},"44":{"start":{"line":146,"column":4},"end":{"line":159,"column":5}},"45":{"start":{"line":147,"column":6},"end":{"line":157,"column":9}},"46":{"start":{"line":152,"column":44},"end":{"line":155,"column":12}},"47":{"start":{"line":158,"column":6},"end":{"line":158,"column":13}},"48":{"start":{"line":160,"column":4},"end":{"line":167,"column":5}},"49":{"start":{"line":161,"column":25},"end":{"line":161,"column":72}},"50":{"start":{"line":162,"column":6},"end":{"line":165,"column":9}},"51":{"start":{"line":166,"column":6},"end":{"line":166,"column":13}},"52":{"start":{"line":168,"column":4},"end":{"line":168,"column":16}},"53":{"start":{"line":173,"column":0},"end":{"line":195,"column":3}},"54":{"start":{"line":174,"column":2},"end":{"line":194,"column":3}},"55":{"start":{"line":175,"column":21},"end":{"line":178,"column":null}},"56":{"start":{"line":180,"column":4},"end":{"line":183,"column":7}},"57":{"start":{"line":185,"column":4},"end":{"line":192,"column":5}},"58":{"start":{"line":186,"column":25},"end":{"line":186,"column":72}},"59":{"start":{"line":187,"column":6},"end":{"line":190,"column":9}},"60":{"start":{"line":191,"column":6},"end":{"line":191,"column":13}},"61":{"start":{"line":193,"column":4},"end":{"line":193,"column":16}},"62":{"start":{"line":197,"column":0},"end":{"line":197,"column":22}}},"fnMap":{"0":{"name":"(anonymous_9)","decl":{"start":{"line":41,"column":16},"end":{"line":41,"column":21}},"loc":{"start":{"line":41,"column":41},"end":{"line":75,"column":1}}},"1":{"name":"(anonymous_10)","decl":{"start":{"line":65,"column":36},"end":{"line":65,"column":37}},"loc":{"start":{"line":65,"column":44},"end":{"line":68,"column":12}}},"2":{"name":"(anonymous_11)","decl":{"start":{"line":78,"column":33},"end":{"line":78,"column":38}},"loc":{"start":{"line":78,"column":71},"end":{"line":110,"column":1}}},"3":{"name":"(anonymous_12)","decl":{"start":{"line":93,"column":36},"end":{"line":93,"column":37}},"loc":{"start":{"line":93,"column":44},"end":{"line":96,"column":12}}},"4":{"name":"(anonymous_13)","decl":{"start":{"line":113,"column":43},"end":{"line":113,"column":48}},"loc":{"start":{"line":113,"column":81},"end":{"line":130,"column":1}}},"5":{"name":"(anonymous_14)","decl":{"start":{"line":133,"column":37},"end":{"line":133,"column":42}},"loc":{"start":{"line":133,"column":75},"end":{"line":170,"column":1}}},"6":{"name":"(anonymous_15)","decl":{"start":{"line":152,"column":36},"end":{"line":152,"column":37}},"loc":{"start":{"line":152,"column":44},"end":{"line":155,"column":12}}},"7":{"name":"(anonymous_16)","decl":{"start":{"line":173,"column":44},"end":{"line":173,"column":49}},"loc":{"start":{"line":173,"column":82},"end":{"line":195,"column":1}}}},"branchMap":{"0":{"loc":{"start":{"line":50,"column":12},"end":{"line":50,"column":69}},"type":"cond-expr","locations":[{"start":{"line":50,"column":29},"end":{"line":50,"column":65}},{"start":{"line":50,"column":68},"end":{"line":50,"column":69}}]},"1":{"loc":{"start":{"line":51,"column":13},"end":{"line":51,"column":73}},"type":"cond-expr","locations":[{"start":{"line":51,"column":31},"end":{"line":51,"column":68}},{"start":{"line":51,"column":71},"end":{"line":51,"column":73}}]},"2":{"loc":{"start":{"line":59,"column":4},"end":{"line":72,"column":5}},"type":"if","locations":[{"start":{"line":59,"column":4},"end":{"line":72,"column":5}},{"start":{},"end":{}}]},"3":{"loc":{"start":{"line":87,"column":4},"end":{"line":100,"column":5}},"type":"if","locations":[{"start":{"line":87,"column":4},"end":{"line":100,"column":5}},{"start":{},"end":{}}]},"4":{"loc":{"start":{"line":101,"column":4},"end":{"line":107,"column":5}},"type":"if","locations":[{"start":{"line":101,"column":4},"end":{"line":107,"column":5}},{"start":{},"end":{}}]},"5":{"loc":{"start":{"line":116,"column":4},"end":{"line":122,"column":5}},"type":"if","locations":[{"start":{"line":116,"column":4},"end":{"line":122,"column":5}},{"start":{},"end":{}}]},"6":{"loc":{"start":{"line":146,"column":4},"end":{"line":159,"column":5}},"type":"if","locations":[{"start":{"line":146,"column":4},"end":{"line":159,"column":5}},{"start":{},"end":{}}]},"7":{"loc":{"start":{"line":160,"column":4},"end":{"line":167,"column":5}},"type":"if","locations":[{"start":{"line":160,"column":4},"end":{"line":167,"column":5}},{"start":{},"end":{}}]},"8":{"loc":{"start":{"line":161,"column":25},"end":{"line":161,"column":72}},"type":"cond-expr","locations":[{"start":{"line":161,"column":63},"end":{"line":161,"column":66}},{"start":{"line":161,"column":69},"end":{"line":161,"column":72}}]},"9":{"loc":{"start":{"line":185,"column":4},"end":{"line":192,"column":5}},"type":"if","locations":[{"start":{"line":185,"column":4},"end":{"line":192,"column":5}},{"start":{},"end":{}}]},"10":{"loc":{"start":{"line":186,"column":25},"end":{"line":186,"column":72}},"type":"cond-expr","locations":[{"start":{"line":186,"column":63},"end":{"line":186,"column":66}},{"start":{"line":186,"column":69},"end":{"line":186,"column":72}}]}},"s":{"0":2,"1":2,"2":2,"3":2,"4":2,"5":2,"6":2,"7":2,"8":2,"9":0,"10":0,"11":0,"12":0,"13":0,"14":0,"15":0,"16":0,"17":0,"18":2,"19":10,"20":10,"21":8,"22":8,"23":2,"24":2,"25":3,"26":2,"27":0,"28":0,"29":0,"30":0,"31":2,"32":2,"33":2,"34":2,"35":2,"36":2,"37":0,"38":0,"39":2,"40":1,"41":1,"42":1,"43":0,"44":1,"45":0,"46":0,"47":0,"48":1,"49":1,"50":1,"51":1,"52":0,"53":2,"54":0,"55":0,"56":0,"57":0,"58":0,"59":0,"60":0,"61":0,"62":2},"f":{"0":0,"1":0,"2":10,"3":3,"4":2,"5":1,"6":0,"7":0},"b":{"0":[0,0],"1":[0,0],"2":[0,0],"3":[2,0],"4":[0,0],"5":[2,0],"6":[0,1],"7":[1,0],"8":[1,0],"9":[0,0],"10":[0,0]}}
,"/home/shilat/.openclaw/workspace/codetube/backend/src/services/authService.ts": {"path":"/home/shilat/.openclaw/workspace/codetube/backend/src/services/authService.ts","statementMap":{"0":{"start":{"line":1,"column":0},"end":{"line":1,"column":30}},"1":{"start":{"line":2,"column":0},"end":{"line":2,"column":38}},"2":{"start":{"line":3,"column":0},"end":{"line":3,"column":52}},"3":{"start":{"line":31,"column":28},"end":{"line":75,"column":1}},"4":{"start":{"line":32,"column":23},"end":{"line":36,"column":4}},"5":{"start":{"line":38,"column":2},"end":{"line":40,"column":3}},"6":{"start":{"line":39,"column":4},"end":{"line":39,"column":112}},"7":{"start":{"line":42,"column":23},"end":{"line":42,"column":60}},"8":{"start":{"line":44,"column":15},"end":{"line":59,"column":4}},"9":{"start":{"line":61,"column":32},"end":{"line":66,"column":4}},"10":{"start":{"line":68,"column":40},"end":{"line":68,"column":63}},"11":{"start":{"line":70,"column":2},"end":{"line":74,"column":4}},"12":{"start":{"line":31,"column":13},"end":{"line":31,"column":28}},"13":{"start":{"line":77,"column":25},"end":{"line":123,"column":1}},"14":{"start":{"line":78,"column":15},"end":{"line":89,"column":4}},"15":{"start":{"line":91,"column":2},"end":{"line":93,"column":3}},"16":{"start":{"line":92,"column":4},"end":{"line":92,"column":43}},"17":{"start":{"line":95,"column":26},"end":{"line":95,"column":81}},"18":{"start":{"line":97,"column":2},"end":{"line":99,"column":3}},"19":{"start":{"line":98,"column":4},"end":{"line":98,"column":43}},"20":{"start":{"line":102,"column":2},"end":{"line":105,"column":5}},"21":{"start":{"line":107,"column":54},"end":{"line":107,"column":58}},"22":{"start":{"line":109,"column":32},"end":{"line":114,"column":4}},"23":{"start":{"line":116,"column":40},"end":{"line":116,"column":63}},"24":{"start":{"line":118,"column":2},"end":{"line":122,"column":4}},"25":{"start":{"line":77,"column":13},"end":{"line":77,"column":25}}},"fnMap":{"0":{"name":"(anonymous_1)","decl":{"start":{"line":31,"column":28},"end":{"line":31,"column":33}},"loc":{"start":{"line":31,"column":82},"end":{"line":75,"column":1}}},"1":{"name":"(anonymous_2)","decl":{"start":{"line":77,"column":25},"end":{"line":77,"column":30}},"loc":{"start":{"line":77,"column":76},"end":{"line":123,"column":1}}}},"branchMap":{"0":{"loc":{"start":{"line":38,"column":2},"end":{"line":40,"column":3}},"type":"if","locations":[{"start":{"line":38,"column":2},"end":{"line":40,"column":3}},{"start":{},"end":{}}]},"1":{"loc":{"start":{"line":39,"column":20},"end":{"line":39,"column":110}},"type":"cond-expr","locations":[{"start":{"line":39,"column":57},"end":{"line":39,"column":83}},{"start":{"line":39,"column":86},"end":{"line":39,"column":110}}]},"2":{"loc":{"start":{"line":91,"column":2},"end":{"line":93,"column":3}},"type":"if","locations":[{"start":{"line":91,"column":2},"end":{"line":93,"column":3}},{"start":{},"end":{}}]},"3":{"loc":{"start":{"line":97,"column":2},"end":{"line":99,"column":3}},"type":"if","locations":[{"start":{"line":97,"column":2},"end":{"line":99,"column":3}},{"start":{},"end":{}}]}},"s":{"0":2,"1":2,"2":2,"3":2,"4":4,"5":4,"6":0,"7":4,"8":4,"9":4,"10":4,"11":4,"12":2,"13":2,"14":0,"15":0,"16":0,"17":0,"18":0,"19":0,"20":0,"21":0,"22":0,"23":0,"24":0,"25":2},"f":{"0":4,"1":0},"b":{"0":[0,4],"1":[0,0],"2":[0,0],"3":[0,0]}}
,"/home/shilat/.openclaw/workspace/codetube/backend/src/services/forkService.ts": {"path":"/home/shilat/.openclaw/workspace/codetube/backend/src/services/forkService.ts","statementMap":{"0":{"start":{"line":1,"column":0},"end":{"line":1,"column":38}},"1":{"start":{"line":2,"column":0},"end":{"line":2,"column":28}},"2":{"start":{"line":16,"column":26},"end":{"line":69,"column":1}},"3":{"start":{"line":18,"column":19},"end":{"line":20,"column":4}},"4":{"start":{"line":22,"column":2},"end":{"line":24,"column":3}},"5":{"start":{"line":23,"column":4},"end":{"line":23,"column":42}},"6":{"start":{"line":27,"column":2},"end":{"line":34,"column":3}},"7":{"start":{"line":28,"column":23},"end":{"line":30,"column":6}},"8":{"start":{"line":31,"column":4},"end":{"line":33,"column":5}},"9":{"start":{"line":32,"column":6},"end":{"line":32,"column":46}},"10":{"start":{"line":37,"column":17},"end":{"line":37,"column":36}},"11":{"start":{"line":38,"column":21},"end":{"line":38,"column":52}},"12":{"start":{"line":39,"column":21},"end":{"line":39,"column":59}},"13":{"start":{"line":41,"column":15},"end":{"line":56,"column":4}},"14":{"start":{"line":59,"column":2},"end":{"line":62,"column":5}},"15":{"start":{"line":64,"column":2},"end":{"line":68,"column":4}},"16":{"start":{"line":16,"column":13},"end":{"line":16,"column":26}},"17":{"start":{"line":71,"column":28},"end":{"line":93,"column":1}},"18":{"start":{"line":72,"column":2},"end":{"line":92,"column":5}},"19":{"start":{"line":71,"column":13},"end":{"line":71,"column":28}},"20":{"start":{"line":95,"column":27},"end":{"line":137,"column":1}},"21":{"start":{"line":96,"column":15},"end":{"line":114,"column":4}},"22":{"start":{"line":116,"column":2},"end":{"line":116,"column":25}},"23":{"start":{"line":116,"column":13},"end":{"line":116,"column":25}},"24":{"start":{"line":119,"column":2},"end":{"line":121,"column":3}},"25":{"start":{"line":120,"column":4},"end":{"line":120,"column":36}},"26":{"start":{"line":123,"column":2},"end":{"line":136,"column":4}},"27":{"start":{"line":95,"column":13},"end":{"line":95,"column":27}},"28":{"start":{"line":139,"column":35},"end":{"line":177,"column":1}},"29":{"start":{"line":140,"column":15},"end":{"line":158,"column":4}},"30":{"start":{"line":160,"column":2},"end":{"line":162,"column":3}},"31":{"start":{"line":161,"column":4},"end":{"line":161,"column":38}},"32":{"start":{"line":164,"column":2},"end":{"line":176,"column":4}},"33":{"start":{"line":139,"column":13},"end":{"line":139,"column":35}},"34":{"start":{"line":179,"column":26},"end":{"line":207,"column":1}},"35":{"start":{"line":180,"column":15},"end":{"line":182,"column":4}},"36":{"start":{"line":184,"column":2},"end":{"line":186,"column":3}},"37":{"start":{"line":185,"column":4},"end":{"line":185,"column":54}},"38":{"start":{"line":188,"column":46},"end":{"line":188,"column":48}},"39":{"start":{"line":190,"column":2},"end":{"line":190,"column":61}},"40":{"start":{"line":190,"column":32},"end":{"line":190,"column":61}},"41":{"start":{"line":191,"column":2},"end":{"line":191,"column":64}},"42":{"start":{"line":191,"column":33},"end":{"line":191,"column":64}},"43":{"start":{"line":192,"column":2},"end":{"line":192,"column":73}},"44":{"start":{"line":192,"column":36},"end":{"line":192,"column":73}},"45":{"start":{"line":194,"column":2},"end":{"line":206,"column":5}},"46":{"start":{"line":179,"column":13},"end":{"line":179,"column":26}},"47":{"start":{"line":209,"column":26},"end":{"line":229,"column":1}},"48":{"start":{"line":210,"column":15},"end":{"line":212,"column":4}},"49":{"start":{"line":214,"column":2},"end":{"line":216,"column":3}},"50":{"start":{"line":215,"column":4},"end":{"line":215,"column":54}},"51":{"start":{"line":218,"column":2},"end":{"line":220,"column":5}},"52":{"start":{"line":223,"column":2},"end":{"line":226,"column":5}},"53":{"start":{"line":228,"column":2},"end":{"line":228,"column":14}},"54":{"start":{"line":209,"column":13},"end":{"line":209,"column":26}}},"fnMap":{"0":{"name":"(anonymous_1)","decl":{"start":{"line":16,"column":26},"end":{"line":16,"column":31}},"loc":{"start":{"line":16,"column":95},"end":{"line":69,"column":1}}},"1":{"name":"(anonymous_2)","decl":{"start":{"line":71,"column":28},"end":{"line":71,"column":33}},"loc":{"start":{"line":71,"column":53},"end":{"line":93,"column":1}}},"2":{"name":"(anonymous_3)","decl":{"start":{"line":95,"column":27},"end":{"line":95,"column":32}},"loc":{"start":{"line":95,"column":65},"end":{"line":137,"column":1}}},"3":{"name":"(anonymous_4)","decl":{"start":{"line":139,"column":35},"end":{"line":139,"column":40}},"loc":{"start":{"line":139,"column":59},"end":{"line":177,"column":1}}},"4":{"name":"(anonymous_5)","decl":{"start":{"line":179,"column":26},"end":{"line":179,"column":31}},"loc":{"start":{"line":179,"column":87},"end":{"line":207,"column":1}}},"5":{"name":"(anonymous_6)","decl":{"start":{"line":209,"column":26},"end":{"line":209,"column":31}},"loc":{"start":{"line":209,"column":63},"end":{"line":229,"column":1}}}},"branchMap":{"0":{"loc":{"start":{"line":22,"column":2},"end":{"line":24,"column":3}},"type":"if","locations":[{"start":{"line":22,"column":2},"end":{"line":24,"column":3}},{"start":{},"end":{}}]},"1":{"loc":{"start":{"line":27,"column":2},"end":{"line":34,"column":3}},"type":"if","locations":[{"start":{"line":27,"column":2},"end":{"line":34,"column":3}},{"start":{},"end":{}}]},"2":{"loc":{"start":{"line":31,"column":4},"end":{"line":33,"column":5}},"type":"if","locations":[{"start":{"line":31,"column":4},"end":{"line":33,"column":5}},{"start":{},"end":{}}]},"3":{"loc":{"start":{"line":47,"column":12},"end":{"line":47,"column":35}},"type":"binary-expr","locations":[{"start":{"line":47,"column":12},"end":{"line":47,"column":22}},{"start":{"line":47,"column":26},"end":{"line":47,"column":35}}]},"4":{"loc":{"start":{"line":116,"column":2},"end":{"line":116,"column":25}},"type":"if","locations":[{"start":{"line":116,"column":2},"end":{"line":116,"column":25}},{"start":{},"end":{}}]},"5":{"loc":{"start":{"line":119,"column":2},"end":{"line":121,"column":3}},"type":"if","locations":[{"start":{"line":119,"column":2},"end":{"line":121,"column":3}},{"start":{},"end":{}}]},"6":{"loc":{"start":{"line":119,"column":6},"end":{"line":119,"column":46}},"type":"binary-expr","locations":[{"start":{"line":119,"column":6},"end":{"line":119,"column":20}},{"start":{"line":119,"column":24},"end":{"line":119,"column":46}}]},"7":{"loc":{"start":{"line":160,"column":2},"end":{"line":162,"column":3}},"type":"if","locations":[{"start":{"line":160,"column":2},"end":{"line":162,"column":3}},{"start":{},"end":{}}]},"8":{"loc":{"start":{"line":160,"column":6},"end":{"line":160,"column":29}},"type":"binary-expr","locations":[{"start":{"line":160,"column":6},"end":{"line":160,"column":11}},{"start":{"line":160,"column":15},"end":{"line":160,"column":29}}]},"9":{"loc":{"start":{"line":184,"column":2},"end":{"line":186,"column":3}},"type":"if","locations":[{"start":{"line":184,"column":2},"end":{"line":186,"column":3}},{"start":{},"end":{}}]},"10":{"loc":{"start":{"line":190,"column":2},"end":{"line":190,"column":61}},"type":"if","locations":[{"start":{"line":190,"column":2},"end":{"line":190,"column":61}},{"start":{},"end":{}}]},"11":{"loc":{"start":{"line":191,"column":2},"end":{"line":191,"column":64}},"type":"if","locations":[{"start":{"line":191,"column":2},"end":{"line":191,"column":64}},{"start":{},"end":{}}]},"12":{"loc":{"start":{"line":192,"column":2},"end":{"line":192,"column":73}},"type":"if","locations":[{"start":{"line":192,"column":2},"end":{"line":192,"column":73}},{"start":{},"end":{}}]},"13":{"loc":{"start":{"line":214,"column":2},"end":{"line":216,"column":3}},"type":"if","locations":[{"start":{"line":214,"column":2},"end":{"line":216,"column":3}},{"start":{},"end":{}}]}},"s":{"0":2,"1":2,"2":2,"3":0,"4":0,"5":0,"6":0,"7":0,"8":0,"9":0,"10":0,"11":0,"12":0,"13":0,"14":0,"15":0,"16":2,"17":2,"18":0,"19":2,"20":2,"21":0,"22":0,"23":0,"24":0,"25":0,"26":0,"27":2,"28":2,"29":0,"30":0,"31":0,"32":0,"33":2,"34":2,"35":0,"36":0,"37":0,"38":0,"39":0,"40":0,"41":0,"42":0,"43":0,"44":0,"45":0,"46":2,"47":2,"48":0,"49":0,"50":0,"51":0,"52":0,"53":0,"54":2},"f":{"0":0,"1":0,"2":0,"3":0,"4":0,"5":0},"b":{"0":[0,0],"1":[0,0],"2":[0,0],"3":[0,0],"4":[0,0],"5":[0,0],"6":[0,0],"7":[0,0],"8":[0,0],"9":[0,0],"10":[0,0],"11":[0,0],"12":[0,0],"13":[0,0]}}
,"/home/shilat/.openclaw/workspace/codetube/backend/src/services/progressService.ts": {"path":"/home/shilat/.openclaw/workspace/codetube/backend/src/services/progressService.ts","statementMap":{"0":{"start":{"line":1,"column":0},"end":{"line":1,"column":38}},"1":{"start":{"line":11,"column":30},"end":{"line":57,"column":1}},"2":{"start":{"line":13,"column":19},"end":{"line":15,"column":4}},"3":{"start":{"line":17,"column":2},"end":{"line":19,"column":3}},"4":{"start":{"line":18,"column":4},"end":{"line":18,"column":42}},"5":{"start":{"line":22,"column":2},"end":{"line":29,"column":3}},"6":{"start":{"line":23,"column":22},"end":{"line":25,"column":6}},"7":{"start":{"line":26,"column":4},"end":{"line":28,"column":5}},"8":{"start":{"line":27,"column":6},"end":{"line":27,"column":45}},"9":{"start":{"line":31,"column":2},"end":{"line":56,"column":5}},"10":{"start":{"line":11,"column":13},"end":{"line":11,"column":30}},"11":{"start":{"line":59,"column":28},"end":{"line":85,"column":1}},"12":{"start":{"line":60,"column":19},"end":{"line":67,"column":4}},"13":{"start":{"line":69,"column":2},"end":{"line":71,"column":3}},"14":{"start":{"line":70,"column":4},"end":{"line":70,"column":59}},"15":{"start":{"line":73,"column":2},"end":{"line":84,"column":5}},"16":{"start":{"line":59,"column":13},"end":{"line":59,"column":28}},"17":{"start":{"line":87,"column":31},"end":{"line":106,"column":1}},"18":{"start":{"line":88,"column":19},"end":{"line":103,"column":4}},"19":{"start":{"line":105,"column":2},"end":{"line":105,"column":18}},"20":{"start":{"line":87,"column":13},"end":{"line":87,"column":31}},"21":{"start":{"line":108,"column":35},"end":{"line":117,"column":1}},"22":{"start":{"line":109,"column":2},"end":{"line":116,"column":5}},"23":{"start":{"line":108,"column":13},"end":{"line":108,"column":35}}},"fnMap":{"0":{"name":"(anonymous_1)","decl":{"start":{"line":11,"column":30},"end":{"line":11,"column":35}},"loc":{"start":{"line":11,"column":103},"end":{"line":57,"column":1}}},"1":{"name":"(anonymous_2)","decl":{"start":{"line":59,"column":28},"end":{"line":59,"column":33}},"loc":{"start":{"line":59,"column":73},"end":{"line":85,"column":1}}},"2":{"name":"(anonymous_3)","decl":{"start":{"line":87,"column":31},"end":{"line":87,"column":36}},"loc":{"start":{"line":87,"column":56},"end":{"line":106,"column":1}}},"3":{"name":"(anonymous_4)","decl":{"start":{"line":108,"column":35},"end":{"line":108,"column":40}},"loc":{"start":{"line":108,"column":80},"end":{"line":117,"column":1}}}},"branchMap":{"0":{"loc":{"start":{"line":17,"column":2},"end":{"line":19,"column":3}},"type":"if","locations":[{"start":{"line":17,"column":2},"end":{"line":19,"column":3}},{"start":{},"end":{}}]},"1":{"loc":{"start":{"line":22,"column":2},"end":{"line":29,"column":3}},"type":"if","locations":[{"start":{"line":22,"column":2},"end":{"line":29,"column":3}},{"start":{},"end":{}}]},"2":{"loc":{"start":{"line":26,"column":4},"end":{"line":28,"column":5}},"type":"if","locations":[{"start":{"line":26,"column":4},"end":{"line":28,"column":5}},{"start":{},"end":{}}]},"3":{"loc":{"start":{"line":45,"column":21},"end":{"line":45,"column":47}},"type":"binary-expr","locations":[{"start":{"line":45,"column":21},"end":{"line":45,"column":40}},{"start":{"line":45,"column":44},"end":{"line":45,"column":47}}]},"4":{"loc":{"start":{"line":69,"column":2},"end":{"line":71,"column":3}},"type":"if","locations":[{"start":{"line":69,"column":2},"end":{"line":71,"column":3}},{"start":{},"end":{}}]}},"s":{"0":2,"1":2,"2":0,"3":0,"4":0,"5":0,"6":0,"7":0,"8":0,"9":0,"10":2,"11":2,"12":0,"13":0,"14":0,"15":0,"16":2,"17":2,"18":0,"19":0,"20":2,"21":2,"22":0,"23":2},"f":{"0":0,"1":0,"2":0,"3":0},"b":{"0":[0,0],"1":[0,0],"2":[0,0],"3":[0,0],"4":[0,0]}}
[...]
ry-expr","locations":[{"start":{"line":20,"column":11},"end":{"line":20,"column":41}},{"start":{"line":20,"column":45},"end":{"line":20,"column":62}}]},"3":{"loc":{"start":{"line":21,"column":26},"end":{"line":21,"column":87}},"type":"binary-expr","locations":[{"start":{"line":21,"column":26},"end":{"line":21,"column":61}},{"start":{"line":21,"column":65},"end":{"line":21,"column":87}}]},"4":{"loc":{"start":{"line":22,"column":17},"end":{"line":22,"column":76}},"type":"binary-expr","locations":[{"start":{"line":22,"column":17},"end":{"line":22,"column":51}},{"start":{"line":22,"column":55},"end":{"line":22,"column":76}}]},"5":{"loc":{"start":{"line":23,"column":26},"end":{"line":23,"column":87}},"type":"binary-expr","locations":[{"start":{"line":23,"column":26},"end":{"line":23,"column":61}},{"start":{"line":23,"column":65},"end":{"line":23,"column":87}}]},"6":{"loc":{"start":{"line":24,"column":17},"end":{"line":24,"column":76}},"type":"binary-expr","locations":[{"start":{"line":24,"column":17},"end":{"line":24,"column":51}},{"start":{"line":24,"column":55},"end":{"line":24,"column":76}}]},"7":{"loc":{"start":{"line":55,"column":18},"end":{"line":55,"column":54}},"type":"binary-expr","locations":[{"start":{"line":55,"column":18},"end":{"line":55,"column":48}},{"start":{"line":55,"column":52},"end":{"line":55,"column":54}}]},"8":{"loc":{"start":{"line":56,"column":19},"end":{"line":56,"column":81}},"type":"binary-expr","locations":[{"start":{"line":56,"column":19},"end":{"line":56,"column":50}},{"start":{"line":56,"column":54},"end":{"line":56,"column":81}}]},"9":{"loc":{"start":{"line":57,"column":22},"end":{"line":57,"column":76}},"type":"binary-expr","locations":[{"start":{"line":57,"column":22},"end":{"line":57,"column":51}},{"start":{"line":57,"column":55},"end":{"line":57,"column":76}}]},"10":{"loc":{"start":{"line":65,"column":4},"end":{"line":68,"column":5}},"type":"if","locations":[{"start":{"line":65,"column":4},"end":{"line":68,"column":5}},{"start":{},"end":{}}]},"11":{"loc":{"start":{"line":89,"column":4},"end":{"line":92,"column":5}},"type":"if","locations":[{"start":{"line":89,"column":4},"end":{"line":92,"column":5}},{"start":{},"end":{}}]},"12":{"loc":{"start":{"line":185,"column":2},"end":{"line":185,"column":17}},"type":"default-arg","locations":[{"start":{"line":185,"column":16},"end":{"line":185,"column":17}}]}},"s":{"0":2,"1":2,"2":2,"3":2,"4":2,"5":2,"6":2,"7":326,"8":326,"9":326,"10":0,"11":0,"12":0,"13":0,"14":0,"15":0,"16":0,"17":0,"18":0,"19":0,"20":0,"21":0,"22":0,"23":0,"24":0,"25":0,"26":326,"27":326,"28":326,"29":326,"30":2,"31":2,"32":83,"33":83,"34":83,"35":326,"36":326,"37":326,"38":326,"39":326,"40":0,"41":0,"42":83,"43":81,"44":81,"45":81,"46":322,"47":322,"48":81,"49":0,"50":0,"51":0,"52":2},"f":{"0":2,"1":326,"2":326,"3":0,"4":0,"5":326,"6":83,"7":81,"8":0,"9":0},"b":{"0":[2,2],"1":[2,2],"2":[2,2],"3":[2,2],"4":[2,2],"5":[2,2],"6":[2,2],"7":[2,2],"8":[2,0],"9":[2,0],"10":[326,0],"11":[0,0],"12":[81]}}
,"/home/shilat/.openclaw/workspace/codetube/backend/src/types/index.ts": {"path":"/home/shilat/.openclaw/workspace/codetube/backend/src/types/index.ts","statementMap":{"0":{"start":{"line":30,"column":13},"end":{"line":35,"column":11}},"1":{"start":{"line":37,"column":13},"end":{"line":42,"column":11}},"2":{"start":{"line":44,"column":13},"end":{"line":47,"column":11}},"3":{"start":{"line":49,"column":13},"end":{"line":52,"column":11}}},"fnMap":{},"branchMap":{},"s":{"0":2,"1":2,"2":2,"3":2},"f":{},"b":{}}
,"/home/shilat/.openclaw/workspace/codetube/backend/src/utils/config.ts": {"path":"/home/shilat/.openclaw/workspace/codetube/backend/src/utils/config.ts","statementMap":{"0":{"start":{"line":1,"column":13},"end":{"line":6,"column":2}},"1":{"start":{"line":8,"column":13},"end":{"line":11,"column":2}},"2":{"start":{"line":13,"column":13},"end":{"line":16,"column":2}}},"fnMap":{},"branchMap":{"0":{"loc":{"start":{"line":2,"column":10},"end":{"line":2,"column":73}},"type":"binary-expr","locations":[{"start":{"line":2,"column":10},"end":{"line":2,"column":32}},{"start":{"line":2,"column":36},"end":{"line":2,"column":73}}]},"1":{"loc":{"start":{"line":3,"column":17},"end":{"line":3,"column":96}},"type":"binary-expr","locations":[{"start":{"line":3,"column":17},"end":{"line":3,"column":47}},{"start":{"line":3,"column":51},"end":{"line":3,"column":96}}]},"2":{"loc":{"start":{"line":4,"column":13},"end":{"line":4,"column":47}},"type":"binary-expr","locations":[{"start":{"line":4,"column":13},"end":{"line":4,"column":39}},{"start":{"line":4,"column":43},"end":{"line":4,"column":47}}]},"3":{"loc":{"start":{"line":5,"column":20},"end":{"line":5,"column":62}},"type":"binary-expr","locations":[{"start":{"line":5,"column":20},"end":{"line":5,"column":54}},{"start":{"line":5,"column":58},"end":{"line":5,"column":62}}]},"4":{"loc":{"start":{"line":9,"column":17},"end":{"line":9,"column":43}},"type":"binary-expr","locations":[{"start":{"line":9,"column":17},"end":{"line":9,"column":33}},{"start":{"line":9,"column":37},"end":{"line":9,"column":43}}]},"5":{"loc":{"start":{"line":10,"column":11},"end":{"line":10,"column":48}},"type":"binary-expr","locations":[{"start":{"line":10,"column":11},"end":{"line":10,"column":31}},{"start":{"line":10,"column":35},"end":{"line":10,"column":48}}]},"6":{"loc":{"start":{"line":14,"column":7},"end":{"line":14,"column":34}},"type":"binary-expr","locations":[{"start":{"line":14,"column":7},"end":{"line":14,"column":28}},{"start":{"line":14,"column":32},"end":{"line":14,"column":34}}]}},"s":{"0":3,"1":3,"2":3},"f":{},"b":{"0":[3,0],"1":[3,0],"2":[3,0],"3":[3,0],"4":[3,0],"5":[3,0],"6":[3,3]}}
,"/home/shilat/.openclaw/workspace/codetube/backend/src/websocket/server.ts": {"path":"/home/shilat/.openclaw/workspace/codetube/backend/src/websocket/server.ts","statementMap":{"0":{"start":{"line":1,"column":0},"end":{"line":1,"column":48}},"1":{"start":{"line":3,"column":0},"end":{"line":3,"column":31}},"2":{"start":{"line":4,"column":0},"end":{"line":4,"column":45}},"3":{"start":{"line":18,"column":17},"end":{"line":18,"column":47}},"4":{"start":{"line":209,"column":9},"end":{"line":209,"column":17}},"5":{"start":{"line":19,"column":16},"end":{"line":19,"column":50}},"6":{"start":{"line":209,"column":19},"end":{"line":209,"column":26}},"7":{"start":{"line":21,"column":36},"end":{"line":46,"column":1}},"8":{"start":{"line":22,"column":14},"end":{"line":22,"column":58}},"9":{"start":{"line":24,"column":2},"end":{"line":43,"column":5}},"10":{"start":{"line":25,"column":4},"end":{"line":25,"column":46}},"11":{"start":{"line":27,"column":4},"end":{"line":34,"column":7}},"12":{"start":{"line":28,"column":6},"end":{"line":33,"column":7}},"13":{"start":{"line":29,"column":24},"end":{"line":29,"column":51}},"14":{"start":{"line":30,"column":8},"end":{"line":30,"column":35}},"15":{"start":{"line":32,"column":8},"end":{"line":32,"column":68}},"16":{"start":{"line":36,"column":4},"end":{"line":38,"column":7}},"17":{"start":{"line":37,"column":6},"end":{"line":37,"column":27}},"18":{"start":{"line":40,"column":4},"end":{"line":42,"column":7}},"19":{"start":{"line":41,"column":6},"end":{"line":41,"column":47}},"20":{"start":{"line":45,"column":2},"end":{"line":45,"column":13}},"21":{"start":{"line":21,"column":13},"end":{"line":21,"column":36}},"22":{"start":{"line":48,"column":22},"end":{"line":65,"column":1}},"23":{"start":{"line":49,"column":2},"end":{"line":64,"column":3}},"24":{"start":{"line":51,"column":6},"end":{"line":51,"column":59}},"25":{"start":{"line":52,"column":6},"end":{"line":52,"column":12}},"26":{"start":{"line":54,"column":6},"end":{"line":54,"column":93}},"27":{"start":{"line":55,"column":6},"end":{"line":55,"column":12}},"28":{"start":{"line":57,"column":6},"end":{"line":57,"column":29}},"29":{"start":{"line":58,"column":6},"end":{"line":58,"column":12}},"30":{"start":{"line":60,"column":6},"end":{"line":60,"column":109}},"31":{"start":{"line":61,"column":6},"end":{"line":61,"column":12}},"32":{"start":{"line":63,"column":6},"end":{"line":63,"column":77}},"33":{"start":{"line":67,"column":19},"end":{"line":86,"column":1}},"34":{"start":{"line":68,"column":2},"end":{"line":85,"column":3}},"35":{"start":{"line":69,"column":4},"end":{"line":72,"column":5}},"36":{"start":{"line":70,"column":6},"end":{"line":70,"column":55}},"37":{"start":{"line":71,"column":6},"end":{"line":71,"column":13}},"38":{"start":{"line":74,"column":20},"end":{"line":74,"column":80}},"39":{"start":{"line":75,"column":4},"end":{"line":75,"column":31}},"40":{"start":{"line":76,"column":4},"end":{"line":76,"column":39}},"41":{"start":{"line":77,"column":4},"end":{"line":77,"column":34}},"42":{"start":{"line":79,"column":4},"end":{"line":82,"column":7}},"43":{"start":{"line":84,"column":4},"end":{"line":84,"column":49}},"44":{"start":{"line":88,"column":26},"end":{"line":122,"column":1}},"45":{"start":{"line":89,"column":2},"end":{"line":92,"column":3}},"46":{"start":{"line":90,"column":4},"end":{"line":90,"column":63}},"47":{"start":{"line":91,"column":4},"end":{"line":91,"column":11}},"48":{"start":{"line":95,"column":2},"end":{"line":95,"column":25}},"49":{"start":{"line":97,"column":2},"end":{"line":97,"column":44}},"50":{"start":{"line":100,"column":16},"end":{"line":100,"column":48}},"51":{"start":{"line":101,"column":2},"end":{"line":104,"column":3}},"52":{"start":{"line":102,"column":4},"end":{"line":102,"column":69}},"53":{"start":{"line":103,"column":4},"end":{"line":103,"column":46}},"54":{"start":{"line":106,"column":2},"end":{"line":106,"column":51}},"55":{"start":{"line":108,"column":2},"end":{"line":112,"column":5}},"56":{"start":{"line":115,"column":2},"end":{"line":121,"column":9}},"57":{"start":{"line":124,"column":27},"end":{"line":146,"column":1}},"58":{"start":{"line":125,"column":2},"end":{"line":145,"column":3}},"59":{"start":{"line":126,"column":20},"end":{"line":126,"column":54}},"60":{"start":{"line":127,"column":4},"end":{"line":143,"column":5}},"61":{"start":{"line":128,"column":6},"end":{"line":128,"column":58}},"62":{"start":{"line":131,"column":6},"end":{"line":137,"column":9}},"63":{"start":{"line":140,"column":6},"end":{"line":142,"column":7}},"64":{"start":{"line":141,"column":8},"end":{"line":141,"column":46}},"65":{"start":{"line":144,"column":4},"end":{"line":144,"column":37}},"66":{"start":{"line":148,"column":27},"end":{"line":169,"column":1}},"67":{"start":{"line":149,"column":2},"end":{"line":152,"column":3}},"68":{"start":{"line":150,"column":4},"end":{"line":150,"column":66}},"69":{"start":{"line":151,"column":4},"end":{"line":151,"column":11}},"70":{"start":{"line":155,"column":2},"end":{"line":158,"column":5}},"71":{"start":{"line":161,"column":2},"end":{"line":168,"column":9}},"72":{"start":{"line":171,"column":25},"end":{"line":179,"column":1}},"73":{"start":{"line":172,"column":2},"end":{"line":172,"column":25}},"74":{"start":{"line":174,"column":2},"end":{"line":176,"column":3}},"75":{"start":{"line":175,"column":4},"end":{"line":175,"column":33}},"76":{"start":{"line":178,"column":2},"end":{"line":178,"column":47}},"77":{"start":{"line":181,"column":20},"end":{"line":185,"column":1}},"78":{"start":{"line":182,"column":2},"end":{"line":184,"column":3}},"79":{"start":{"line":183,"column":4},"end":{"line":183,"column":47}},"80":{"start":{"line":187,"column":18},"end":{"line":189,"column":1}},"81":{"start":{"line":188,"column":2},"end":{"line":188,"column":46}},"82":{"start":{"line":191,"column":27},"end":{"line":203,"column":1}},"83":{"start":{"line":192,"column":18},"end":{"line":192,"column":42}},"84":{"start":{"line":193,"column":2},"end":{"line":193,"column":23}},"85":{"start":{"line":193,"column":16},"end":{"line":193,"column":23}},"86":{"start":{"line":195,"column":2},"end":{"line":202,"column":5}},"87":{"start":{"line":196,"column":19},"end":{"line":196,"column":41}},"88":{"start":{"line":197,"column":4},"end":{"line":201,"column":5}},"89":{"start":{"line":198,"column":6},"end":{"line":200,"column":7}},"90":{"start":{"line":199,"column":8},"end":{"line":199,"column":45}},"91":{"start":{"line":205,"column":26},"end":{"line":207,"column":1}},"92":{"start":{"line":206,"column":2},"end":{"line":206,"column":73}}},"fnMap":{"0":{"name":"(anonymous_1)","decl":{"start":{"line":21,"column":36},"end":{"line":21,"column":37}},"loc":{"start":{"line":21,"column":72},"end":{"line":46,"column":1}}},"1":{"name":"(anonymous_2)","decl":{"start":{"line":24,"column":23},"end":{"line":24,"column":24}},"loc":{"start":{"line":24,"column":47},"end":{"line":43,"column":3}}},"2":{"name":"(anonymous_3)","decl":{"start":{"line":27,"column":21},"end":{"line":27,"column":22}},"loc":{"start":{"line":27,"column":38},"end":{"line":34,"column":5}}},"3":{"name":"(anonymous_4)","decl":{"start":{"line":36,"column":19},"end":{"line":36,"column":22}},"loc":{"start":{"line":36,"column":24},"end":{"line":38,"column":5}}},"4":{"name":"(anonymous_5)","decl":{"start":{"line":40,"column":19},"end":{"line":40,"column":20}},"loc":{"start":{"line":40,"column":29},"end":{"line":42,"column":5}}},"5":{"name":"(anonymous_6)","decl":{"start":{"line":48,"column":22},"end":{"line":48,"column":23}},"loc":{"start":{"line":48,"column":98},"end":{"line":65,"column":1}}},"6":{"name":"(anonymous_7)","decl":{"start":{"line":67,"column":19},"end":{"line":67,"column":20}},"loc":{"start":{"line":67,"column":78},"end":{"line":86,"column":1}}},"7":{"name":"(anonymous_8)","decl":{"start":{"line":88,"column":26},"end":{"line":88,"column":27}},"loc":{"start":{"line":88,"column":112},"end":{"line":122,"column":1}}},"8":{"name":"(anonymous_9)","decl":{"start":{"line":124,"column":27},"end":{"line":124,"column":28}},"loc":{"start":{"line":124,"column":57},"end":{"line":146,"column":1}}},"9":{"name":"(anonymous_10)","decl":{"start":{"line":148,"column":27},"end":{"line":148,"column":28}},"loc":{"start":{"line":148,"column":130},"end":{"line":169,"column":1}}},"10":{"name":"(anonymous_11)","decl":{"start":{"line":171,"column":25},"end":{"line":171,"column":26}},"loc":{"start":{"line":171,"column":55},"end":{"line":179,"column":1}}},"11":{"name":"(anonymous_12)","decl":{"start":{"line":181,"column":20},"end":{"line":181,"column":21}},"loc":{"start":{"line":181,"column":82},"end":{"line":185,"column":1}}},"12":{"name":"(anonymous_13)","decl":{"start":{"line":187,"column":18},"end":{"line":187,"column":19}},"loc":{"start":{"line":187,"column":79},"end":{"line":189,"column":1}}},"13":{"name":"(anonymous_14)","decl":{"start":{"line":191,"column":27},"end":{"line":191,"column":28}},"loc":{"start":{"line":191,"column":130},"end":{"line":203,"column":1}}},"14":{"name":"(anonymous_15)","decl":{"start":{"line":195,"column":26},"end":{"line":195,"column":27}},"loc":{"start":{"line":195,"column":40},"end":{"line":202,"column":3}}},"15":{"name":"(anonymous_16)","decl":{"start":{"line":205,"column":26},"end":{"line":205,"column":37}},"loc":{"start":{"line":205,"column":39},"end":{"line":207,"column":1}}}},"branchMap":{"0":{"loc":{"start":{"line":49,"column":2},"end":{"line":64,"column":3}},"type":"switch","locations":[{"start":{"line":50,"column":4},"end":{"line":52,"column":12}},{"start":{"line":53,"column":4},"end":{"line":55,"column":12}},{"start":{"line":56,"column":4},"end":{"line":58,"column":12}},{"start":{"line":59,"column":4},"end":{"line":61,"column":12}},{"start":{"line":62,"column":4},"end":{"line":63,"column":77}}]},"1":{"loc":{"start":{"line":69,"column":4},"end":{"line":72,"column":5}},"type":"if","locations":[{"start":{"line":69,"column":4},"end":{"line":72,"column":5}},{"start":{},"end":{}}]},"2":{"loc":{"start":{"line":89,"column":2},"end":{"line":92,"column":3}},"type":"if","locations":[{"start":{"line":89,"column":2},"end":{"line":92,"column":3}},{"start":{},"end":{}}]},"3":{"loc":{"start":{"line":101,"column":2},"end":{"line":104,"column":3}},"type":"if","locations":[{"start":{"line":101,"column":2},"end":{"line":104,"column":3}},{"start":{},"end":{}}]},"4":{"loc":{"start":{"line":106,"column":22},"end":{"line":106,"column":49}},"type":"binary-expr","locations":[{"start":{"line":106,"column":22},"end":{"line":106,"column":34}},{"start":{"line":106,"column":38},"end":{"line":106,"column":49}}]},"5":{"loc":{"start":{"line":125,"column":2},"end":{"line":145,"column":3}},"type":"if","locations":[{"start":{"line":125,"column":2},"end":{"line":145,"column":3}},{"start":{},"end":{}}]},"6":{"loc":{"start":{"line":127,"column":4},"end":{"line":143,"column":5}},"type":"if","locations":[{"start":{"line":127,"column":4},"end":{"line":143,"column":5}},{"start":{},"end":{}}]},"7":{"loc":{"start":{"line":128,"column":29},"end":{"line":128,"column":56}},"type":"binary-expr","locations":[{"start":{"line":128,"column":29},"end":{"line":128,"column":41}},{"start":{"line":128,"column":45},"end":{"line":128,"column":56}}]},"8":{"loc":{"start":{"line":140,"column":6},"end":{"line":142,"column":7}},"type":"if","locations":[{"start":{"line":140,"column":6},"end":{"line":142,"column":7}},{"start":{},"end":{}}]},"9":{"loc":{"start":{"line":149,"column":2},"end":{"line":152,"column":3}},"type":"if","locations":[{"start":{"line":149,"column":2},"end":{"line":152,"column":3}},{"start":{},"end":{}}]},"10":{"loc":{"start":{"line":156,"column":17},"end":{"line":156,"column":42}},"type":"binary-expr","locations":[{"start":{"line":156,"column":17},"end":{"line":156,"column":37}},{"start":{"line":156,"column":41},"end":{"line":156,"column":42}}]},"11":{"loc":{"start":{"line":157,"column":12},"end":{"line":157,"column":40}},"type":"binary-expr","locations":[{"start":{"line":157,"column":12},"end":{"line":157,"column":27}},{"start":{"line":157,"column":31},"end":{"line":157,"column":40}}]},"12":{"loc":{"start":{"line":174,"column":2},"end":{"line":176,"column":3}},"type":"if","locations":[{"start":{"line":174,"column":2},"end":{"line":176,"column":3}},{"start":{},"end":{}}]},"13":{"loc":{"start":{"line":182,"column":2},"end":{"line":184,"column":3}},"type":"if","locations":[{"start":{"line":182,"column":2},"end":{"line":184,"column":3}},{"start":{},"end":{}}]},"14":{"loc":{"start":{"line":193,"column":2},"end":{"line":193,"column":23}},"type":"if","locations":[{"start":{"line":193,"column":2},"end":{"line":193,"column":23}},{"start":{},"end":{}}]},"15":{"loc":{"start":{"line":197,"column":4},"end":{"line":201,"column":5}},"type":"if","locations":[{"start":{"line":197,"column":4},"end":{"line":201,"column":5}},{"start":{},"end":{}}]},"16":{"loc":{"start":{"line":197,"column":8},"end":{"line":197,"column":81}},"type":"binary-expr","locations":[{"start":{"line":197,"column":8},"end":{"line":197,"column":14}},{"start":{"line":197,"column":18},"end":{"line":197,"column":38}},{"start":{"line":197,"column":42},"end":{"line":197,"column":81}}]},"17":{"loc":{"start":{"line":198,"column":6},"end":{"line":200,"column":7}},"type":"if","locations":[{"start":{"line":198,"column":6},"end":{"line":200,"column":7}},{"start":{},"end":{}}]}},"s":{"0":1,"1":1,"2":1,"3":1,"4":1,"5":1,"6":1,"7":1,"8":1,"9":1,"10":25,"11":25,"12":96,"13":96,"14":95,"15":1,"16":25,"17":25,"18":25,"19":0,"20":1,"21":1,"22":1,"23":95,"24":22,"25":22,"26":15,"27":15,"28":1,"29":1,"30":54,"31":54,"32":3,"33":1,"34":22,"35":22,"36":2,"37":2,"38":20,"39":18,"40":18,"41":18,"42":18,"43":2,"44":1,"45":15,"46":1,"47":1,"48":14,"49":14,"50":14,"51":14,"52":11,"53":11,"54":14,"55":14,"56":14,"57":1,"58":40,"59":14,"60":14,"61":2,"62":2,"63":2,"64":2,"65":14,"66":1,"67":54,"68":51,"69":51,"70":3,"71":3,"72":1,"73":25,"74":25,"75":18,"76":25,"77":1,"78":95,"79":95,"80":1,"81":60,"82":1,"83":19,"84":19,"85":0,"86":19,"87":22,"88":22,"89":5,"90":5,"91":1,"92":18},"f":{"0":1,"1":25,"2":96,"3":25,"4":0,"5":95,"6":22,"7":15,"8":40,"9":54,"10":25,"11":95,"12":60,"13":19,"14":22,"15":18},"b":{"0":[22,15,1,54,3],"1":[2,20],"2":[1,14],"3":[11,3],"4":[14,0],"5":[14,26],"6":[2,12],"7":[2,0],"8":[2,0],"9":[51,3],"10":[3,0],"11":[3,0],"12":[18,7],"13":[95,0],"14":[0,19],"15":[5,17],"16":[22,22,5],"17":[5,0]}}
}
