TN:
SF:src/app.ts
FN:29,(anonymous_10)
FN:45,(anonymous_11)
FNF:2
FNH:1
FNDA:0,(anonymous_10)
FNDA:1,(anonymous_11)
DA:1,2
DA:2,2
DA:3,2
DA:4,2
DA:5,2
DA:7,2
DA:9,2
DA:12,2
DA:13,2
DA:14,2
DA:15,2
DA:16,2
DA:17,2
DA:19,2
DA:22,2
DA:23,2
DA:24,2
DA:25,2
DA:26,2
DA:29,2
DA:30,0
DA:34,2
DA:35,2
DA:36,2
DA:37,2
DA:38,2
DA:39,2
DA:40,2
DA:41,2
DA:42,2
DA:45,2
DA:46,1
DA:53,2
DA:55,2
LF:34
LH:33
BRF:0
BRH:0
end_of_record
TN:
SF:src/middleware/auth.ts
FN:10,(anonymous_1)
FN:17,(anonymous_2)
FN:21,(anonymous_3)
FN:25,(anonymous_4)
FN:49,(anonymous_5)
FNF:5
FNH:4
FNDA:4,(anonymous_1)
FNDA:36,(anonymous_2)
FNDA:0,(anonymous_3)
FNDA:38,(anonymous_4)
FNDA:2,(anonymous_5)
DA:1,2
DA:3,2
DA:10,2
DA:11,4
DA:12,4
DA:14,4
DA:17,2
DA:18,36
DA:21,2
DA:22,0
DA:25,2
DA:26,38
DA:27,38
DA:29,38
DA:30,2
DA:34,2
DA:37,36
DA:38,36
DA:39,34
DA:40,34
DA:42,2
DA:49,2
DA:50,2
DA:51,2
DA:53,2
DA:54,0
DA:55,0
DA:56,0
DA:58,2
DA:61,0
LF:30
LH:25
BRDA:29,0,0,2
BRDA:29,0,1,36
BRDA:29,1,0,38
BRDA:29,1,1,38
BRDA:53,2,0,0
BRDA:53,2,1,2
BRDA:53,3,0,2
BRDA:53,3,1,0
BRF:8
BRH:6
end_of_record
TN:
SF:src/middleware/validation.ts
FN:4,(anonymous_0)
FN:5,(anonymous_1)
FN:25,(anonymous_2)
FN:38,(anonymous_3)
FN:46,(anonymous_4)
FNF:5
FNH:5
FNDA:4,(anonymous_0)
FNDA:13,(anonymous_1)
FNDA:9,(anonymous_2)
FNDA:8,(anonymous_3)
FNDA:8,(anonymous_4)
DA:2,2
DA:4,2
DA:5,4
DA:6,13
DA:7,13
DA:8,13
DA:10,4
DA:11,0
DA:13,4
DA:14,0
DA:15,0
DA:17,4
DA:19,9
DA:20,9
DA:25,9
DA:31,9
DA:33,0
DA:38,2
DA:40,8
DA:41,8
DA:46,8
DA:52,8
DA:55,0
DA:57,0
LF:24
LH:18
BRDA:7,0,0,13
BRDA:7,0,1,0
BRDA:10,1,0,0
BRDA:10,1,1,4
BRDA:13,2,0,0
BRDA:13,2,1,4
BRDA:19,3,0,9
BRDA:19,3,1,0
BRDA:40,4,0,8
BRDA:40,4,1,0
BRDA:61,5,0,0
BRDA:61,5,1,0
BRF:12
BRH:5
end_of_record
TN:
SF:src/models/prisma.ts
FNF:0
FNH:0
DA:1,3
DA:3,3
DA:7,3
LF:3
LH:3
BRDA:4,0,0,0
BRDA:4,0,1,3
BRF:2
BRH:1
end_of_record
TN:
SF:src/routes/auth.ts
FN:26,(anonymous_9)
FN:50,(anonymous_10)
FN:74,(anonymous_11)
FNF:3
FNH:2
FNDA:4,(anonymous_9)
FNDA:0,(anonymous_10)
FNDA:20,(anonymous_11)
DA:1,2
DA:2,2
DA:3,2
DA:4,2
DA:5,2
DA:7,2
DA:10,2
DA:17,2
DA:23,2
DA:27,4
DA:28,4
DA:29,4
DA:34,0
DA:35,0
DA:39,0
DA:41,0
DA:47,2
DA:51,0
DA:52,0
DA:53,0
DA:58,0
DA:59,0
DA:63,0
DA:65,0
DA:71,2
DA:75,20
DA:82,2
LF:27
LH:16
BRDA:34,0,0,0
BRDA:34,0,1,0
BRDA:58,1,0,0
BRDA:58,1,1,0
BRF:4
BRH:0
end_of_record
TN:
SF:src/routes/forks.ts
FN:22,(anonymous_9)
FN:41,(anonymous_10)
FN:66,(anonymous_11)
FN:79,(anonymous_12)
FN:106,(anonymous_13)
FN:125,(anonymous_14)
FN:146,(anonymous_15)
FN:164,(anonymous_16)
FNF:8
FNH:2
FNDA:1,(anonymous_9)
FNDA:1,(anonymous_10)
FNDA:0,(anonymous_11)
FNDA:0,(anonymous_12)
FNDA:0,(anonymous_13)
FNDA:0,(anonymous_14)
FNDA:0,(anonymous_15)
FNDA:0,(anonymous_16)
DA:1,2
DA:2,2
DA:3,2
DA:4,2
DA:6,2
DA:9,2
DA:15,2
DA:22,2
DA:23,1
DA:24,1
DA:25,0
DA:30,0
DA:35,1
DA:36,1
DA:41,1
DA:47,1
DA:49,0
DA:50,0
DA:51,0
DA:55,0
DA:57,0
DA:61,2
DA:64,2
DA:66,2
DA:67,0
DA:68,0
DA:69,0
DA:74,0
DA:79,2
DA:80,0
DA:81,0
DA:82,0
DA:83,0
DA:87,0
DA:89,0
DA:94,0
DA:95,0
DA:99,0
DA:101,0
DA:106,2
DA:107,0
DA:108,0
DA:109,0
DA:114,0
DA:119,0
DA:120,0
DA:125,0
DA:131,0
DA:133,0
DA:134,0
DA:135,0
DA:139,0
DA:141,0
DA:146,2
DA:147,0
DA:148,0
DA:149,0
DA:151,0
DA:152,0
DA:153,0
DA:157,0
DA:159,0
DA:164,2
DA:165,0
DA:166,0
DA:167,0
DA:172,0
DA:173,0
DA:177,0
DA:179,0
LF:70
LH:21
BRDA:35,0,0,1
BRDA:35,0,1,0
BRDA:49,1,0,0
BRDA:49,1,1,0
BRDA:50,2,0,0
BRDA:50,2,1,0
BRDA:82,3,0,0
BRDA:82,3,1,0
BRDA:94,4,0,0
BRDA:94,4,1,0
BRDA:95,5,0,0
BRDA:95,5,1,0
BRDA:119,6,0,0
BRDA:119,6,1,0
BRDA:133,7,0,0
BRDA:133,7,1,0
BRDA:134,8,0,0
BRDA:134,8,1,0
BRDA:151,9,0,0
BRDA:151,9,1,0
BRDA:152,10,0,0
BRDA:152,10,1,0
BRDA:172,11,0,0
BRDA:172,11,1,0
BRF:24
BRH:1
end_of_record
TN:
SF:src/routes/generate.ts
FN:85,jobToStatusResponse
FN:108,(anonymous_1)
FN:120,(anonymous_2)
FN:145,(anonymous_3)
FN:158,(anonymous_4)
FN:175,(anonymous_5)
FN:194,(anonymous_6)
FN:233,(anonymous_7)
FN:244,(anonymous_8)
FN:264,(anonymous_9)
FN:292,(anonymous_10)
FN:301,(anonymous_11)
FN:310,(anonymous_12)
FN:349,(anonymous_13)
FN:365,(anonymous_14)
FN:381,(anonymous_15)
FN:420,(anonymous_16)
FN:424,(anonymous_17)
FN:436,(anonymous_18)
FN:439,(anonymous_19)
FNF:20
FNH:14
FNDA:1,jobToStatusResponse
FNDA:15,(anonymous_1)
FNDA:0,(anonymous_2)
FNDA:0,(anonymous_3)
FNDA:3,(anonymous_4)
FNDA:0,(anonymous_5)
FNDA:0,(anonymous_6)
FNDA:0,(anonymous_7)
FNDA:0,(anonymous_8)
FNDA:1,(anonymous_9)
FNDA:1,(anonymous_10)
FNDA:1,(anonymous_11)
FNDA:2,(anonymous_12)
FNDA:2,(anonymous_13)
FNDA:1,(anonymous_14)
FNDA:1,(anonymous_15)
FNDA:1,(anonymous_16)
FNDA:7,(anonymous_17)
FNDA:1,(anonymous_18)
FNDA:4,(anonymous_19)
DA:17,2
DA:18,2
DA:19,2
DA:26,2
DA:44,2
DA:48,2
DA:49,2
DA:59,2
DA:67,2
DA:76,2
DA:86,1
DA:108,2
DA:109,15
DA:110,15
DA:112,9
DA:113,9
DA:115,9
DA:120,0
DA:127,9
DA:137,6
DA:145,2
DA:146,0
DA:147,0
DA:158,2
DA:159,3
DA:161,3
DA:162,2
DA:168,1
DA:170,1
DA:175,0
DA:194,2
DA:195,0
DA:197,0
DA:198,0
DA:204,0
DA:205,0
DA:215,0
DA:233,2
DA:234,0
DA:235,0
DA:237,0
DA:238,0
DA:244,0
DA:245,0
DA:246,0
DA:252,0
DA:264,2
DA:265,1
DA:266,1
DA:267,0
DA:274,0
DA:282,1
DA:292,2
DA:293,1
DA:294,1
DA:301,2
DA:302,1
DA:303,1
DA:310,2
DA:311,2
DA:312,2
DA:313,1
DA:316,1
DA:327,1
DA:335,1
DA:341,1
DA:349,2
DA:350,2
DA:351,2
DA:352,0
DA:357,2
DA:358,2
DA:365,2
DA:366,1
DA:367,1
DA:368,0
DA:373,1
DA:374,1
DA:381,2
DA:382,1
DA:383,1
DA:384,1
DA:385,1
DA:391,0
DA:392,0
DA:393,0
DA:399,0
DA:400,0
DA:402,0
DA:412,0
DA:420,2
DA:421,1
DA:422,1
DA:424,7
DA:436,2
DA:437,1
DA:439,4
DA:452,2
LF:98
LH:69
BRDA:120,0,0,9
BRDA:120,0,1,9
BRDA:161,1,0,2
BRDA:161,1,1,1
BRDA:168,2,0,1
BRDA:168,2,1,0
BRDA:174,3,0,1
BRDA:174,3,1,0
BRDA:197,4,0,0
BRDA:197,4,1,0
BRDA:204,5,0,0
BRDA:204,5,1,0
BRDA:237,6,0,0
BRDA:237,6,1,0
BRDA:237,7,0,0
BRDA:237,7,1,0
BRDA:245,8,0,0
BRDA:245,8,1,0
BRDA:351,9,0,0
BRDA:351,9,1,2
BRDA:367,10,0,0
BRDA:367,10,1,1
BRDA:384,11,0,1
BRDA:384,11,1,0
BRDA:384,12,0,1
BRDA:384,12,1,1
BRDA:392,13,0,0
BRDA:392,13,1,0
BRF:28
BRH:11
end_of_record
TN:
SF:src/routes/progress.ts
FN:18,(anonymous_9)
FN:37,(anonymous_10)
FN:58,(anonymous_11)
FN:85,(anonymous_12)
FNF:4
FNH:2
FNDA:1,(anonymous_9)
FNDA:1,(anonymous_10)
FNDA:0,(anonymous_11)
FNDA:0,(anonymous_12)
DA:1,2
DA:2,2
DA:3,2
DA:4,2
DA:6,2
DA:9,2
DA:18,2
DA:19,1
DA:20,1
DA:21,0
DA:26,0
DA:31,1
DA:32,1
DA:37,1
DA:43,1
DA:45,0
DA:46,0
DA:47,0
DA:51,0
DA:53,0
DA:58,2
DA:59,0
DA:60,0
DA:64,0
DA:72,0
DA:73,0
DA:74,0
DA:78,0
DA:80,0
DA:85,2
DA:86,0
DA:87,0
DA:88,0
DA:93,0
DA:97,2
LF:35
LH:16
BRDA:31,0,0,1
BRDA:31,0,1,0
BRDA:45,1,0,0
BRDA:45,1,1,0
BRDA:46,2,0,0
BRDA:46,2,1,0
BRDA:72,3,0,0
BRDA:72,3,1,0
BRDA:73,4,0,0
BRDA:73,4,1,0
BRF:10
BRH:1
end_of_record
TN:
SF:src/routes/recordings.ts
FN:33,(anonymous_9)
FN:48,(anonymous_10)
FN:69,(anonymous_11)
FN:69,(anonymous_12)
FN:89,(anonymous_13)
FN:113,(anonymous_14)
FN:113,(anonymous_15)
FN:137,(anonymous_16)
FN:150,(anonymous_17)
FN:150,(anonymous_18)
FN:169,(anonymous_19)
FNF:11
FNH:1
FNDA:1,(anonymous_9)
FNDA:0,(anonymous_10)
FNDA:0,(anonymous_11)
FNDA:0,(anonymous_12)
FNDA:0,(anonymous_13)
FNDA:0,(anonymous_14)
FNDA:0,(anonymous_15)
FNDA:0,(anonymous_16)
FNDA:0,(anonymous_17)
FNDA:0,(anonymous_18)
FNDA:0,(anonymous_19)
DA:1,2
DA:2,2
DA:3,2
DA:4,2
DA:6,2
DA:9,2
DA:24,2
DA:33,2
DA:34,1
DA:35,1
DA:36,1
DA:37,0
DA:42,1
DA:43,0
DA:48,0
DA:54,0
DA:56,1
DA:57,1
DA:58,1
DA:62,1
DA:64,0
DA:69,2
DA:70,0
DA:71,0
DA:72,0
DA:73,0
DA:77,0
DA:79,0
DA:84,0
DA:89,2
DA:90,0
DA:91,0
DA:93,0
DA:94,0
DA:95,0
DA:96,0
DA:98,0
DA:100,0
DA:101,0
DA:102,0
DA:106,0
DA:108,0
DA:113,2
DA:114,0
DA:115,0
DA:119,0
DA:124,0
DA:125,0
DA:126,0
DA:130,0
DA:132,0
DA:137,2
DA:138,0
DA:139,0
DA:140,0
DA:145,0
DA:150,2
DA:151,0
DA:152,0
DA:153,0
DA:158,0
DA:163,0
DA:164,0
DA:169,0
DA:175,0
DA:177,0
DA:178,0
DA:179,0
DA:183,0
DA:185,0
DA:189,2
LF:71
LH:22
BRDA:42,0,0,0
BRDA:42,0,1,1
BRDA:56,1,0,1
BRDA:56,1,1,0
BRDA:57,2,0,1
BRDA:57,2,1,0
BRDA:72,3,0,0
BRDA:72,3,1,0
BRDA:100,4,0,0
BRDA:100,4,1,0
BRDA:101,5,0,0
BRDA:101,5,1,0
BRDA:124,6,0,0
BRDA:124,6,1,0
BRDA:125,7,0,0
BRDA:125,7,1,0
BRDA:163,8,0,0
BRDA:163,8,1,0
BRDA:177,9,0,0
BRDA:177,9,1,0
BRDA:178,10,0,0
BRDA:178,10,1,0
BRF:22
BRH:3
end_of_record
TN:
SF:src/routes/tutorials.ts
FN:41,(anonymous_9)
FN:65,(anonymous_10)
FN:78,(anonymous_11)
FN:93,(anonymous_12)
FN:113,(anonymous_13)
FN:133,(anonymous_14)
FN:152,(anonymous_15)
FN:173,(anonymous_16)
FNF:8
FNH:4
FNDA:0,(anonymous_9)
FNDA:0,(anonymous_10)
FNDA:10,(anonymous_11)
FNDA:3,(anonymous_12)
FNDA:2,(anonymous_13)
FNDA:1,(anonymous_14)
FNDA:0,(anonymous_15)
FNDA:0,(anonymous_16)
DA:1,2
DA:2,2
DA:3,2
DA:4,2
DA:6,2
DA:9,2
DA:19,2
DA:30,2
DA:41,2
DA:42,0
DA:43,0
DA:44,0
DA:53,0
DA:59,0
DA:60,0
DA:65,0
DA:71,0
DA:73,0
DA:78,2
DA:79,10
DA:80,10
DA:81,8
DA:82,8
DA:87,2
DA:88,2
DA:93,3
DA:99,2
DA:101,0
DA:102,0
DA:106,0
DA:108,0
DA:113,2
DA:114,2
DA:115,2
DA:116,2
DA:117,2
DA:121,2
DA:123,0
DA:128,0
DA:133,2
DA:134,1
DA:135,1
DA:136,1
DA:141,0
DA:146,1
DA:147,0
DA:152,0
DA:158,0
DA:160,1
DA:161,1
DA:162,1
DA:166,1
DA:168,0
DA:173,2
DA:174,0
DA:175,0
DA:180,0
DA:185,0
DA:186,0
DA:187,0
DA:191,0
DA:193,0
DA:197,2
LF:63
LH:35
BRDA:50,0,0,0
BRDA:50,0,1,0
BRDA:51,1,0,0
BRDA:51,1,1,0
BRDA:59,2,0,0
BRDA:59,2,1,0
BRDA:87,3,0,2
BRDA:87,3,1,0
BRDA:101,4,0,0
BRDA:101,4,1,0
BRDA:116,5,0,2
BRDA:116,5,1,0
BRDA:146,6,0,0
BRDA:146,6,1,1
BRDA:160,7,0,1
BRDA:160,7,1,0
BRDA:161,8,0,1
BRDA:161,8,1,0
BRDA:185,9,0,0
BRDA:185,9,1,0
BRDA:186,10,0,0
BRDA:186,10,1,0
BRF:22
BRH:5
end_of_record
TN:
SF:src/services/authService.ts
FN:31,(anonymous_1)
FN:77,(anonymous_2)
FNF:2
FNH:1
FNDA:4,(anonymous_1)
FNDA:0,(anonymous_2)
DA:1,2
DA:2,2
DA:3,2
DA:31,2
DA:32,4
DA:38,4
DA:39,0
DA:42,4
DA:44,4
DA:61,4
DA:68,4
DA:70,4
DA:77,2
DA:78,0
DA:91,0
DA:92,0
DA:95,0
DA:97,0
DA:98,0
DA:102,0
DA:107,0
DA:109,0
DA:116,0
DA:118,0
LF:24
LH:12
BRDA:38,0,0,0
BRDA:38,0,1,4
BRDA:39,1,0,0
BRDA:39,1,1,0
BRDA:91,2,0,0
BRDA:91,2,1,0
BRDA:97,3,0,0
BRDA:97,3,1,0
BRF:8
BRH:1
end_of_record
TN:
SF:src/services/forkService.ts
FN:16,(anonymous_1)
FN:71,(anonymous_2)
FN:95,(anonymous_3)
FN:139,(anonymous_4)
FN:179,(anonymous_5)
FN:209,(anonymous_6)
FNF:6
FNH:0
FNDA:0,(anonymous_1)
FNDA:0,(anonymous_2)
FNDA:0,(anonymous_3)
FNDA:0,(anonymous_4)
FNDA:0,(anonymous_5)
FNDA:0,(anonymous_6)
DA:1,2
DA:2,2
DA:16,2
DA:18,0
DA:22,0
DA:23,0
DA:27,0
DA:28,0
DA:31,0
DA:32,0
DA:37,0
DA:38,0
DA:39,0
DA:41,0
DA:59,0
DA:64,0
DA:71,2
DA:72,0
DA:95,2
DA:96,0
DA:116,0
DA:119,0
DA:120,0
DA:123,0
DA:139,2
DA:140,0
DA:160,0
DA:161,0
DA:164,0
DA:179,2
DA:180,0
DA:184,0
DA:185,0
DA:188,0
DA:190,0
DA:191,0
DA:192,0
DA:194,0
DA:209,2
DA:210,0
DA:214,0
DA:215,0
DA:218,0
DA:223,0
DA:228,0
LF:45
LH:8
BRDA:22,0,0,0
BRDA:22,0,1,0
BRDA:27,1,0,0
BRDA:27,1,1,0
BRDA:31,2,0,0
BRDA:31,2,1,0
BRDA:47,3,0,0
BRDA:47,3,1,0
BRDA:116,4,0,0
BRDA:116,4,1,0
BRDA:119,5,0,0
BRDA:119,5,1,0
BRDA:119,6,0,0
BRDA:119,6,1,0
BRDA:160,7,0,0
BRDA:160,7,1,0
BRDA:160,8,0,0
BRDA:160,8,1,0
BRDA:184,9,0,0
BRDA:184,9,1,0
BRDA:190,10,0,0
BRDA:190,10,1,0
BRDA:191,11,0,0
BRDA:191,11,1,0
BRDA:192,12,0,0
BRDA:192,12,1,0
BRDA:214,13,0,0
BRDA:214,13,1,0
BRF:28
BRH:0
end_of_record
TN:
SF:src/services/progressService.ts
FN:11,(anonymous_1)
FN:59,(anonymous_2)
FN:87,(anonymous_3)
FN:108,(anonymous_4)
FNF:4
FNH:0
FNDA:0,(anonymous_1)
FNDA:0,(anonymous_2)
FNDA:0,(anonymous_3)
FNDA:0,(anonymous_4)
DA:1,2
DA:11,2
DA:13,0
DA:17,0
DA:18,0
DA:22,0
DA:23,0
DA:26,0
DA:27,0
DA:31,0
DA:59,2
DA:60,0
DA:69,0
DA:70,0
DA:73,0
DA:87,2
DA:88,0
DA:105,0
DA:108,2
DA:109,0
LF:20
LH:5
BRDA:17,0,0,0
BRDA:17,0,1,0
BRDA:22,1,0,0
BRDA:22,1,1,0
BRDA:26,2,0,0
BRDA:26,2,1,0
BRDA:45,3,0,0
BRDA:45,3,1,0
BRDA:69,4,0,0
BRDA:69,4,1,0
BRF:10
BRH:0
end_of_record
TN:
SF:src/services/recordingService.ts
FN:26,(anonymous_1)
FN:66,(anonymous_2)
FN:80,(anonymous_3)
FN:118,(anonymous_4)
FN:141,(anonymous_5)
FN:148,(anonymous_6)
FN:175,(anonymous_7)
FN:200,(anonymous_8)
FNF:8
FNH:1
FNDA:1,(anonymous_1)
FNDA:0,(anonymous_2)
FNDA:0,(anonymous_3)
FNDA:0,(anonymous_4)
FNDA:0,(anonymous_5)
FNDA:0,(anonymous_6)
FNDA:0,(anonymous_7)
FNDA:0,(anonymous_8)
DA:1,2
DA:26,2
DA:28,1
DA:32,1
DA:33,1
DA:37,0
DA:39,0
DA:61,0
DA:66,0
DA:68,0
DA:73,0
DA:80,2
DA:81,0
DA:95,0
DA:97,0
DA:118,2
DA:119,0
DA:123,0
DA:124,0
DA:128,0
DA:130,0
DA:135,0
DA:141,2
DA:142,0
DA:148,2
DA:153,0
DA:157,0
DA:158,0
DA:161,0
DA:175,2
DA:176,0
DA:180,0
DA:181,0
DA:185,0
DA:191,0
DA:200,2
DA:201,0
DA:207,0
DA:208,0
DA:209,0
DA:221,0
DA:224,0
LF:42
LH:11
BRDA:32,0,0,1
BRDA:32,0,1,0
BRDA:37,1,0,0
BRDA:37,1,1,0
BRDA:43,2,0,0
BRDA:43,2,1,0
BRDA:49,3,0,0
BRDA:49,3,1,0
BRDA:50,4,0,0
BRDA:50,4,1,0
BRDA:95,5,0,0
BRDA:95,5,1,0
BRDA:123,6,0,0
BRDA:123,6,1,0
BRDA:157,7,0,0
BRDA:157,7,1,0
BRDA:169,8,0,0
BRDA:169,8,1,0
BRDA:180,9,0,0
BRDA:180,9,1,0
BRF:20
BRH:1
end_of_record
TN:
SF:src/services/tutorialService.ts
FN:25,(anonymous_1)
FN:52,(anonymous_2)
FN:99,(anonymous_3)
FN:146,(anonymous_4)
FN:180,(anonymous_5)
FN:225,(anonymous_6)
FN:238,(anonymous_7)
FNF:7
FNH:2
FNDA:0,(anonymous_1)
FNDA:2,(anonymous_2)
FNDA:0,(anonymous_3)
FNDA:1,(anonymous_4)
FNDA:0,(anonymous_5)
FNDA:0,(anonymous_6)
FNDA:0,(anonymous_7)
DA:1,2
DA:2,2
DA:25,2
DA:26,0
DA:28,0
DA:44,0
DA:49,0
DA:52,2
DA:53,2
DA:78,2
DA:80,0
DA:81,0
DA:82,0
DA:92,0
DA:99,2
DA:100,0
DA:125,0
DA:127,0
DA:128,0
DA:129,0
DA:139,0
DA:146,2
DA:147,1
DA:151,1
DA:152,1
DA:155,0
DA:157,0
DA:158,0
DA:159,0
DA:161,0
DA:162,0
DA:163,0
DA:164,0
DA:165,0
DA:166,0
DA:167,0
DA:168,0
DA:169,0
DA:170,0
DA:174,0
DA:180,2
DA:189,0
DA:191,0
DA:196,0
DA:197,0
DA:198,0
DA:200,0
DA:201,0
DA:202,0
DA:204,0
DA:224,0
DA:225,0
DA:238,2
DA:239,0
DA:243,0
LF:55
LH:13
BRDA:35,0,0,0
BRDA:35,0,1,0
BRDA:36,1,0,0
BRDA:36,1,1,0
BRDA:37,2,0,0
BRDA:37,2,1,0
BRDA:78,3,0,2
BRDA:78,3,1,0
BRDA:81,4,0,0
BRDA:81,4,1,0
BRDA:94,5,0,0
BRDA:94,5,1,0
BRDA:125,6,0,0
BRDA:125,6,1,0
BRDA:128,7,0,0
BRDA:128,7,1,0
BRDA:141,8,0,0
BRDA:141,8,1,0
BRDA:151,9,0,1
BRDA:151,9,1,0
BRDA:157,10,0,0
BRDA:157,10,1,0
BRDA:161,11,0,0
BRDA:161,11,1,0
BRDA:162,12,0,0
BRDA:162,12,1,0
BRDA:163,13,0,0
BRDA:163,13,1,0
BRDA:164,14,0,0
BRDA:164,14,1,0
BRDA:165,15,0,0
BRDA:165,15,1,0
BRDA:166,16,0,0
BRDA:166,16,1,0
BRDA:167,17,0,0
BRDA:167,17,1,0
BRDA:169,18,0,0
BRDA:169,18,1,0
BRDA:169,19,0,0
BRDA:169,19,1,0
BRDA:189,20,0,0
BRDA:189,21,0,0
BRDA:189,22,0,0
BRDA:192,23,0,0
BRDA:192,23,1,0
BRDA:196,24,0,0
BRDA:196,24,1,0
BRDA:197,25,0,0
BRDA:197,25,1,0
BRDA:198,26,0,0
BRDA:198,26,1,0
BRDA:201,27,0,0
BRDA:201,27,1,0
BRDA:202,28,0,0
BRDA:202,28,1,0
BRDA:227,29,0,0
BRDA:227,29,1,0
BRF:57
BRH:2
end_of_record
TN:
SF:src/services/ai/curriculumEngine.ts
FN:20,getLLMConfig
FN:30,callLLM
FN:90,buildCurriculumPrompt
FN:145,applyProgressiveDifficulty
FN:149,(anonymous_4)
FN:171,mockLLMResponse
FN:276,generateCurriculum
FN:305,(anonymous_7)
FNF:8
FNH:8
FNDA:16,getLLMConfig
FNDA:16,callLLM
FNDA:16,buildCurriculumPrompt
FNDA:16,applyProgressiveDifficulty
FNDA:119,(anonymous_4)
FNDA:16,mockLLMResponse
FNDA:16,generateCurriculum
FNDA:119,(anonymous_7)
DA:21,16
DA:22,16
DA:31,16
DA:33,16
DA:34,16
DA:37,0
DA:38,0
DA:39,0
DA:55,0
DA:56,0
DA:57,0
DA:60,0
DA:61,0
DA:62,0
DA:76,0
DA:77,0
DA:78,0
DA:81,0
DA:86,2
DA:91,16
DA:101,16
DA:108,16
DA:146,16
DA:147,16
DA:149,16
DA:150,119
DA:152,119
DA:153,119
DA:156,119
DA:157,119
DA:159,119
DA:173,16
DA:174,16
DA:176,16
DA:177,16
DA:179,16
DA:276,2
DA:282,16
DA:283,16
DA:293,16
DA:294,16
DA:296,0
DA:300,16
DA:305,119
DA:307,16
LF:45
LH:31
BRDA:21,0,0,16
BRDA:21,0,1,0
BRDA:25,1,0,16
BRDA:25,1,1,16
BRDA:25,2,0,0
BRDA:25,2,1,16
BRDA:33,3,0,16
BRDA:33,3,1,0
BRDA:37,4,0,0
BRDA:37,4,1,0
BRDA:38,5,0,0
BRDA:38,5,1,0
BRDA:55,6,0,0
BRDA:55,6,1,0
BRDA:60,7,0,0
BRDA:60,7,1,0
BRDA:61,8,0,0
BRDA:61,8,1,0
BRDA:66,9,0,0
BRDA:66,9,1,0
BRDA:76,10,0,0
BRDA:76,10,1,0
BRDA:157,11,0,119
BRDA:157,11,1,0
BRDA:164,12,0,16
BRDA:164,12,1,103
BRDA:174,13,0,16
BRDA:174,13,1,0
BRDA:177,14,0,16
BRDA:177,14,1,0
BRDA:182,15,0,12
BRDA:182,15,1,4
BRDA:280,16,0,13
BRDA:314,17,0,16
BRDA:314,17,1,0
BRDA:315,18,0,16
BRDA:315,18,1,0
BRF:37
BRH:15
end_of_record
TN:
SF:src/services/ai/jobQueue.ts
FN:33,createJob
FN:54,updateJob
FN:67,getJob
FN:71,getJobByCourseId
FN:77,listJobs
FN:79,(anonymous_5)
FN:85,processJob
FN:105,(anonymous_7)
FN:127,(anonymous_8)
FN:129,(anonymous_9)
FN:141,(anonymous_10)
FN:167,enqueueGenerationJob
FN:175,(anonymous_12)
FN:176,(anonymous_13)
FN:187,estimateGenerationTime
FNF:15
FNH:11
FNDA:10,createJob
FNDA:220,updateJob
FNDA:4,getJob
FNDA:0,getJobByCourseId
FNDA:0,listJobs
FNDA:0,(anonymous_5)
FNDA:10,processJob
FNDA:80,(anonymous_7)
FNDA:49059,(anonymous_8)
FNDA:62401,(anonymous_9)
FNDA:10,(anonymous_10)
FNDA:10,enqueueGenerationJob
FNDA:10,(anonymous_12)
FNDA:0,(anonymous_13)
FNDA:11,estimateGenerationTime
DA:12,2
DA:21,2
DA:22,2
DA:23,2
DA:28,2
DA:29,2
DA:34,10
DA:35,10
DA:37,10
DA:49,10
DA:50,10
DA:51,10
DA:55,220
DA:56,220
DA:58,220
DA:63,220
DA:64,220
DA:67,2
DA:68,4
DA:71,2
DA:72,0
DA:73,0
DA:74,0
DA:77,2
DA:78,0
DA:79,0
DA:86,10
DA:87,10
DA:89,10
DA:91,10
DA:93,10
DA:94,10
DA:95,10
DA:96,10
DA:99,10
DA:100,10
DA:102,10
DA:106,80
DA:107,80
DA:108,80
DA:111,10
DA:114,10
DA:115,10
DA:117,10
DA:118,80
DA:119,80
DA:126,80
DA:127,49059
DA:128,80
DA:129,62401
DA:132,80
DA:133,80
DA:137,10
DA:138,10
DA:141,10
DA:143,0
DA:150,0
DA:152,0
DA:153,0
DA:154,0
DA:167,2
DA:172,10
DA:175,10
DA:176,10
DA:177,0
DA:181,10
DA:187,2
DA:188,11
DA:190,11
DA:192,1
DA:193,1
DA:194,1
DA:195,1
DA:197,1
DA:198,1
DA:199,1
DA:201,1
DA:202,1
DA:203,1
LF:79
LH:68
BRDA:56,0,0,0
BRDA:56,0,1,220
BRDA:68,1,0,4
BRDA:68,1,1,2
BRDA:73,2,0,0
BRDA:73,2,1,0
BRDA:77,3,0,0
BRDA:87,4,0,0
BRDA:87,4,1,10
BRDA:152,5,0,0
BRDA:152,5,1,0
BRDA:187,6,0,0
BRDA:188,7,0,11
BRDA:188,7,1,0
BRDA:190,8,0,10
BRDA:190,8,1,1
BRDA:195,9,0,0
BRDA:195,9,1,1
BRDA:201,10,0,0
BRDA:201,10,1,1
BRDA:202,11,0,0
BRDA:202,11,1,1
BRF:22
BRH:10
end_of_record
TN:
SF:src/services/ai/lessonGenerator.ts
FN:30,callLessonLLM
FN:84,buildLessonPrompt
FN:146,buildTypeEvents
FN:178,assembleRecordingEvents
FN:236,(anonymous_4)
FN:241,mockLessonResponse
FN:316,generateLesson
FN:344,(anonymous_7)
FN:381,generateAllLessons
FNF:9
FNH:9
FNDA:86,callLessonLLM
FNDA:86,buildLessonPrompt
FNDA:172,buildTypeEvents
FNDA:86,assembleRecordingEvents
FNDA:52639,(anonymous_4)
FNDA:86,mockLessonResponse
FNDA:86,generateLesson
FNDA:172,(anonymous_7)
FNDA:10,generateAllLessons
DA:26,2
DA:31,86
DA:33,86
DA:34,86
DA:37,0
DA:38,0
DA:54,0
DA:55,0
DA:56,0
DA:59,0
DA:60,0
DA:74,0
DA:75,0
DA:76,0
DA:79,0
DA:85,86
DA:95,86
DA:147,172
DA:148,172
DA:149,172
DA:151,172
DA:153,2494
DA:154,2494
DA:155,49715
DA:164,49715
DA:167,2494
DA:172,2494
DA:175,172
DA:184,86
DA:187,86
DA:189,86
DA:191,344
DA:192,344
DA:193,344
DA:194,344
DA:196,344
DA:206,344
DA:207,344
DA:211,344
DA:212,172
DA:213,172
DA:214,172
DA:215,172
DA:220,344
DA:221,344
DA:222,172
DA:231,172
DA:232,172
DA:236,52639
DA:242,86
DA:243,86
DA:244,86
DA:245,86
DA:247,86
DA:316,2
DA:322,86
DA:323,86
DA:337,86
DA:338,86
DA:340,0
DA:344,172
DA:352,86
DA:360,86
DA:364,86
DA:381,2
DA:386,10
DA:388,10
DA:389,80
DA:390,80
DA:391,80
DA:394,10
LF:71
LH:59
BRDA:31,0,0,86
BRDA:31,0,1,0
BRDA:33,1,0,86
BRDA:33,1,1,0
BRDA:37,2,0,0
BRDA:37,2,1,0
BRDA:38,3,0,0
BRDA:38,3,1,0
BRDA:45,4,0,0
BRDA:45,4,1,0
BRDA:54,5,0,0
BRDA:54,5,1,0
BRDA:59,6,0,0
BRDA:59,6,1,0
BRDA:60,7,0,0
BRDA:60,7,1,0
BRDA:64,8,0,0
BRDA:64,8,1,0
BRDA:68,9,0,0
BRDA:68,9,1,0
BRDA:74,10,0,0
BRDA:74,10,1,0
BRDA:191,11,0,344
BRDA:191,11,1,0
BRDA:200,12,0,344
BRDA:200,12,1,344
BRDA:211,13,0,172
BRDA:211,13,1,172
BRDA:214,14,0,172
BRDA:214,14,1,0
BRDA:221,15,0,172
BRDA:221,15,1,172
BRDA:243,16,0,86
BRDA:243,16,1,0
BRDA:245,17,0,86
BRDA:245,17,1,0
BRDA:320,18,0,86
BRDA:348,19,0,0
BRDA:348,19,1,172
BRDA:348,20,0,172
BRDA:348,20,1,86
BRDA:360,21,0,86
BRDA:360,21,1,0
BRF:43
BRH:17
end_of_record
TN:
SF:src/services/ai/personalizationEngine.ts
FN:28,getProfile
FN:43,updateProfile
FN:54,recordLessonCompletion
FN:67,(anonymous_3)
FN:91,recordStruggle
FN:100,markConceptMastered
FN:103,(anonymous_6)
FN:113,generateRecommendations
FN:122,(anonymous_8)
FN:124,(anonymous_9)
FN:138,(anonymous_10)
FN:140,(anonymous_11)
FN:160,generateRemedialLesson
FN:190,getNextLessonIndex
FN:195,(anonymous_14)
FN:195,(anonymous_15)
FN:223,getLearnerAnalytics
FN:255,adaptCurriculum
FN:267,(anonymous_18)
FN:267,(anonymous_19)
FN:272,(anonymous_20)
FN:273,(anonymous_21)
FN:276,(anonymous_22)
FN:278,(anonymous_23)
FN:278,(anonymous_24)
FN:300,(anonymous_25)
FN:301,(anonymous_26)
FNF:27
FNH:13
FNDA:29,getProfile
FNDA:11,updateProfile
FNDA:2,recordLessonCompletion
FNDA:4,(anonymous_3)
FNDA:3,recordStruggle
FNDA:6,markConceptMastered
FNDA:9,(anonymous_6)
FNDA:1,generateRecommendations
FNDA:11,(anonymous_8)
FNDA:60,(anonymous_9)
FNDA:25,(anonymous_10)
FNDA:25,(anonymous_11)
FNDA:0,generateRemedialLesson
FNDA:0,getNextLessonIndex
FNDA:0,(anonymous_14)
FNDA:0,(anonymous_15)
FNDA:2,getLearnerAnalytics
FNDA:0,adaptCurriculum
FNDA:0,(anonymous_18)
FNDA:0,(anonymous_19)
FNDA:0,(anonymous_20)
FNDA:0,(anonymous_21)
FNDA:0,(anonymous_22)
FNDA:0,(anonymous_23)
FNDA:0,(anonymous_24)
FNDA:0,(anonymous_25)
FNDA:0,(anonymous_26)
DA:18,2
DA:24,2
DA:28,2
DA:29,29
DA:30,2
DA:40,29
DA:43,2
DA:44,11
DA:45,11
DA:46,11
DA:47,11
DA:54,2
DA:61,2
DA:64,2
DA:67,4
DA:68,2
DA:71,2
DA:74,2
DA:76,2
DA:80,2
DA:91,2
DA:92,3
DA:93,3
DA:94,3
DA:100,2
DA:101,6
DA:102,6
DA:103,9
DA:104,6
DA:113,2
DA:117,1
DA:118,1
DA:120,1
DA:122,8
DA:123,11
DA:124,60
DA:128,8
DA:129,1
DA:134,1
DA:138,7
DA:139,25
DA:140,25
DA:144,7
DA:145,1
DA:153,1
DA:160,2
DA:166,0
DA:169,0
DA:170,0
DA:171,0
DA:173,0
DA:184,0
DA:190,2
DA:191,0
DA:192,0
DA:194,0
DA:195,0
DA:199,0
DA:200,0
DA:201,0
DA:202,0
DA:207,0
DA:223,2
DA:224,2
DA:225,2
DA:226,2
DA:229,2
DA:230,2
DA:231,2
DA:232,0
DA:233,2
DA:234,0
DA:237,2
DA:255,2
DA:263,0
DA:264,0
DA:266,0
DA:267,0
DA:271,0
DA:272,0
DA:273,0
DA:276,0
DA:277,0
DA:278,0
DA:282,0
DA:283,0
DA:285,0
DA:295,0
DA:296,0
DA:300,0
DA:301,0
DA:303,0
LF:92
LH:57
BRDA:29,0,0,2
BRDA:29,0,1,27
BRDA:59,1,0,0
BRDA:76,2,0,2
BRDA:76,2,1,0
BRDA:124,3,0,60
BRDA:124,3,1,56
BRDA:128,4,0,1
BRDA:128,4,1,7
BRDA:128,5,0,8
BRDA:128,5,1,1
BRDA:140,6,0,25
BRDA:140,6,1,24
BRDA:144,7,0,1
BRDA:144,7,1,6
BRDA:201,8,0,0
BRDA:201,8,1,0
BRDA:201,9,0,0
BRDA:201,9,1,0
BRDA:231,10,0,0
BRDA:231,10,1,2
BRDA:231,11,0,2
BRDA:231,11,1,0
BRDA:233,12,0,0
BRDA:233,12,1,2
BRDA:233,13,0,2
BRDA:233,13,1,0
BRF:27
BRH:17
end_of_record
TN:
SF:src/services/ai/voiceSynthesis.ts
FN:54,(anonymous_9)
FN:60,(anonymous_10)
FN:64,(anonymous_11)
FN:99,(anonymous_12)
FN:100,(anonymous_13)
FN:116,(anonymous_14)
FN:143,synthesizeNarration
FN:183,buildAudioEvents
FN:211,syncAudioWithCode
FN:220,(anonymous_18)
FNF:10
FNH:6
FNDA:2,(anonymous_9)
FNDA:326,(anonymous_10)
FNDA:326,(anonymous_11)
FNDA:0,(anonymous_12)
FNDA:0,(anonymous_13)
FNDA:326,(anonymous_14)
FNDA:83,synthesizeNarration
FNDA:81,buildAudioEvents
FNDA:0,syncAudioWithCode
FNDA:0,(anonymous_18)
DA:17,2
DA:55,2
DA:56,2
DA:57,2
DA:61,326
DA:65,326
DA:67,326
DA:70,0
DA:71,0
DA:80,0
DA:89,0
DA:90,0
DA:91,0
DA:95,0
DA:96,0
DA:99,0
DA:100,0
DA:101,0
DA:102,0
DA:105,0
DA:106,0
DA:109,0
DA:110,0
DA:122,326
DA:123,326
DA:126,326
DA:127,326
DA:135,2
DA:143,2
DA:148,83
DA:150,83
DA:151,326
DA:152,326
DA:154,326
DA:155,326
DA:156,326
DA:164,0
DA:166,0
DA:176,83
DA:183,2
DA:187,81
DA:188,81
DA:190,81
DA:191,322
DA:201,322
DA:204,81
DA:211,2
DA:216,0
DA:220,0
DA:225,2
DA:235,2
LF:51
LH:31
BRDA:18,0,0,2
BRDA:18,0,1,2
BRDA:19,1,0,2
BRDA:19,1,1,2
BRDA:20,2,0,2
BRDA:20,2,1,2
BRDA:21,3,0,2
BRDA:21,3,1,2
BRDA:22,4,0,2
BRDA:22,4,1,2
BRDA:23,5,0,2
BRDA:23,5,1,2
BRDA:24,6,0,2
BRDA:24,6,1,2
BRDA:55,7,0,2
BRDA:55,7,1,2
BRDA:56,8,0,2
BRDA:56,8,1,0
BRDA:57,9,0,2
BRDA:57,9,1,0
BRDA:65,10,0,326
BRDA:65,10,1,0
BRDA:89,11,0,0
BRDA:89,11,1,0
BRDA:185,12,0,81
BRF:25
BRH:20
end_of_record
TN:
SF:src/types/index.ts
FNF:0
FNH:0
DA:30,2
DA:37,2
DA:44,2
DA:49,2
LF:4
LH:4
BRF:0
BRH:0
end_of_record
TN:
SF:src/utils/config.ts
FNF:0
FNH:0
DA:1,3
DA:8,3
DA:13,3
LF:3
LH:3
BRDA:2,0,0,3
BRDA:2,0,1,0
BRDA:3,1,0,3
BRDA:3,1,1,0
BRDA:4,2,0,3
BRDA:4,2,1,0
BRDA:5,3,0,3
BRDA:5,3,1,0
BRDA:9,4,0,3
BRDA:9,4,1,0
BRDA:10,5,0,3
BRDA:10,5,1,0
BRDA:14,6,0,3
BRDA:14,6,1,3
BRF:14
BRH:8
end_of_record
TN:
SF:src/websocket/server.ts
FN:21,(anonymous_1)
FN:24,(anonymous_2)
FN:27,(anonymous_3)
FN:36,(anonymous_4)
FN:40,(anonymous_5)
FN:48,(anonymous_6)
FN:67,(anonymous_7)
FN:88,(anonymous_8)
FN:124,(anonymous_9)
FN:148,(anonymous_10)
FN:171,(anonymous_11)
FN:181,(anonymous_12)
FN:187,(anonymous_13)
FN:191,(anonymous_14)
FN:195,(anonymous_15)
FN:205,(anonymous_16)
FNF:16
FNH:15
FNDA:1,(anonymous_1)
FNDA:25,(anonymous_2)
FNDA:96,(anonymous_3)
FNDA:25,(anonymous_4)
FNDA:0,(anonymous_5)
FNDA:95,(anonymous_6)
FNDA:22,(anonymous_7)
FNDA:15,(anonymous_8)
FNDA:40,(anonymous_9)
FNDA:54,(anonymous_10)
FNDA:25,(anonymous_11)
FNDA:95,(anonymous_12)
FNDA:60,(anonymous_13)
FNDA:19,(anonymous_14)
FNDA:22,(anonymous_15)
FNDA:18,(anonymous_16)
DA:1,1
DA:3,1
DA:4,1
DA:18,1
DA:19,1
DA:21,1
DA:22,1
DA:24,1
DA:25,25
DA:27,25
DA:28,96
DA:29,96
DA:30,95
DA:32,1
DA:36,25
DA:37,25
DA:40,25
DA:41,0
DA:45,1
DA:48,1
DA:49,95
DA:51,22
DA:52,22
DA:54,15
DA:55,15
DA:57,1
DA:58,1
DA:60,54
DA:61,54
DA:63,3
DA:67,1
DA:68,22
DA:69,22
DA:70,2
DA:71,2
DA:74,20
DA:75,18
DA:76,18
DA:77,18
DA:79,18
DA:84,2
DA:88,1
DA:89,15
DA:90,1
DA:91,1
DA:95,14
DA:97,14
DA:100,14
DA:101,14
DA:102,11
DA:103,11
DA:106,14
DA:108,14
DA:115,14
DA:124,1
DA:125,40
DA:126,14
DA:127,14
DA:128,2
DA:131,2
DA:140,2
DA:141,2
DA:144,14
DA:148,1
DA:149,54
DA:150,51
DA:151,51
DA:155,3
DA:161,3
DA:171,1
DA:172,25
DA:174,25
DA:175,18
DA:178,25
DA:181,1
DA:182,95
DA:183,95
DA:187,1
DA:188,60
DA:191,1
DA:192,19
DA:193,19
DA:195,19
DA:196,22
DA:197,22
DA:198,5
DA:199,5
DA:205,1
DA:206,18
DA:209,1
LF:90
LH:89
BRDA:49,0,0,22
BRDA:49,0,1,15
BRDA:49,0,2,1
BRDA:49,0,3,54
BRDA:49,0,4,3
BRDA:69,1,0,2
BRDA:69,1,1,20
BRDA:89,2,0,1
BRDA:89,2,1,14
BRDA:101,3,0,11
BRDA:101,3,1,3
BRDA:106,4,0,14
BRDA:106,4,1,0
BRDA:125,5,0,14
BRDA:125,5,1,26
BRDA:127,6,0,2
BRDA:127,6,1,12
BRDA:128,7,0,2
BRDA:128,7,1,0
BRDA:140,8,0,2
BRDA:140,8,1,0
BRDA:149,9,0,51
BRDA:149,9,1,3
BRDA:156,10,0,3
BRDA:156,10,1,0
BRDA:157,11,0,3
BRDA:157,11,1,0
BRDA:174,12,0,18
BRDA:174,12,1,7
BRDA:182,13,0,95
BRDA:182,13,1,0
BRDA:193,14,0,0
BRDA:193,14,1,19
BRDA:197,15,0,5
BRDA:197,15,1,17
BRDA:197,16,0,22
BRDA:197,16,1,22
BRDA:197,16,2,5
BRDA:198,17,0,5
BRDA:198,17,1,0
BRF:40
BRH:32
end_of_record
